<?xml version="1.0" encoding="UTF-8"?>
<testsuite xmlns:xsi="http://www.w3.org/2001/XMLSchema-instance" xsi:noNamespaceSchemaLocation="https://maven.apache.org/surefire/maven-surefire-plugin/xsd/surefire-test-report.xsd" version="3.0.2" name="com.smart.billing.app.controller.InvoiceControllerTest" time="0.791" tests="22" errors="0" skipped="0" failures="0" flakes="0">
  <properties>
[...]
</properties>
  <testcase name="update_ShouldReturnBadRequest_WhenInvalidId" classname="InvoiceControllerTest Unit Tests" time="0.14">
    <system-out><![CDATA[2026-06-08T20:08:02.815-06:00 DEBUG 9602 --- [smart-billing] [           main] s.w.s.m.m.a.RequestMappingHandlerMapping : 5 mappings in org.springframework.web.servlet.mvc.method.annotation.RequestMappingHandlerMapping
2026-06-08T20:08:02.817-06:00 DEBUG 9602 --- [smart-billing] [           main] s.w.s.m.m.a.RequestMappingHandlerAdapter : ControllerAdvice beans: 0 @ModelAttribute, 0 @InitBinder, 1 RequestBodyAdvice, 1 ResponseBodyAdvice
2026-06-08T20:08:02.818-06:00 DEBUG 9602 --- [smart-billing] [           main] .m.m.a.ExceptionHandlerExceptionResolver : ControllerAdvice beans: 1 @ExceptionHandler, 1 ResponseBodyAdvice
2026-06-08T20:08:02.818-06:00  INFO 9602 --- [smart-billing] [           main] o.s.mock.web.MockServletContext          : Initializing Spring TestDispatcherServlet ''
2026-06-08T20:08:02.818-06:00  INFO 9602 --- [smart-billing] [           main] o.s.t.web.servlet.TestDispatcherServlet  : Initializing Servlet ''
2026-06-08T20:08:02.818-06:00  INFO 9602 --- [smart-billing] [           main] o.s.t.web.servlet.TestDispatcherServlet  : Completed initialization in 0 ms
2026-06-08T20:08:02.823-06:00 DEBUG 9602 --- [smart-billing] [           main] s.w.s.m.m.a.RequestMappingHandlerMapping : Mapped to com.smart.billing.app.controller.InvoiceController#update(Integer, InvoiceRequestDTO)
2026-06-08T20:08:02.825-06:00 DEBUG 9602 --- [smart-billing] [           main] o.s.web.method.HandlerMethod             : Could not resolve parameter [0] in public org.springframework.http.ResponseEntity<com.smart.billing.app.dto.InvoiceResponseDTO> com.smart.billing.app.controller.InvoiceController.update(java.lang.Integer,com.smart.billing.app.dto.InvoiceRequestDTO): Method parameter 'id': Failed to convert value of type 'java.lang.String' to required type 'java.lang.Integer'; For input string: "abc"
2026-06-08T20:08:02.826-06:00 DEBUG 9602 --- [smart-billing] [           main] .m.m.a.ExceptionHandlerExceptionResolver : Using @ExceptionHandler com.smart.billing.app.exception.GlobalExceptionHandler#handleTypeMismatch(MethodArgumentTypeMismatchException)
2026-06-08T20:08:02.827-06:00 DEBUG 9602 --- [smart-billing] [           main] o.s.w.s.m.m.a.HttpEntityMethodProcessor  : Using 'text/plain', given [*/*] and supported [text/plain, */*, application/json, application/*+json, application/yaml]
2026-06-08T20:08:02.827-06:00 DEBUG 9602 --- [smart-billing] [           main] o.s.w.s.m.m.a.HttpEntityMethodProcessor  : Writing ["Invalid parameter type: abc"]
2026-06-08T20:08:02.827-06:00 DEBUG 9602 --- [smart-billing] [           main] .m.m.a.ExceptionHandlerExceptionResolver : Resolved [org.springframework.web.method.annotation.MethodArgumentTypeMismatchException: Method parameter 'id': Failed to convert value of type 'java.lang.String' to required type 'java.lang.Integer'; For input string: "abc"]
]]></system-out>
  </testcase>
  <testcase name="create_ShouldReturnBadRequest_WhenMalformedJson" classname="InvoiceControllerTest Unit Tests" time="0.019">
    <system-out><![CDATA[2026-06-08T20:08:02.839-06:00 DEBUG 9602 --- [smart-billing] [           main] s.w.s.m.m.a.RequestMappingHandlerMapping : 5 mappings in org.springframework.web.servlet.mvc.method.annotation.RequestMappingHandlerMapping
2026-06-08T20:08:02.841-06:00 DEBUG 9602 --- [smart-billing] [           main] s.w.s.m.m.a.RequestMappingHandlerAdapter : ControllerAdvice beans: 0 @ModelAttribute, 0 @InitBinder, 1 RequestBodyAdvice, 1 ResponseBodyAdvice
2026-06-08T20:08:02.841-06:00 DEBUG 9602 --- [smart-billing] [           main] .m.m.a.ExceptionHandlerExceptionResolver : ControllerAdvice beans: 1 @ExceptionHandler, 1 ResponseBodyAdvice
2026-06-08T20:08:02.842-06:00  INFO 9602 --- [smart-billing] [           main] o.s.mock.web.MockServletContext          : Initializing Spring TestDispatcherServlet ''
2026-06-08T20:08:02.842-06:00  INFO 9602 --- [smart-billing] [           main] o.s.t.web.servlet.TestDispatcherServlet  : Initializing Servlet ''
2026-06-08T20:08:02.842-06:00  INFO 9602 --- [smart-billing] [           main] o.s.t.web.servlet.TestDispatcherServlet  : Completed initialization in 0 ms
2026-06-08T20:08:02.843-06:00 DEBUG 9602 --- [smart-billing] [           main] s.w.s.m.m.a.RequestMappingHandlerMapping : Mapped to com.smart.billing.app.controller.InvoiceController#create(InvoiceRequestDTO)
2026-06-08T20:08:02.847-06:00 DEBUG 9602 --- [smart-billing] [           main] o.s.web.method.HandlerMethod             : Could not resolve parameter [0] in public org.springframework.http.ResponseEntity<com.smart.billing.app.dto.InvoiceResponseDTO> com.smart.billing.app.controller.InvoiceController.create(com.smart.billing.app.dto.InvoiceRequestDTO): JSON parse error: Unexpected character ('i' (code 105)): was expecting double-quote to start field name
2026-06-08T20:08:02.847-06:00 DEBUG 9602 --- [smart-billing] [           main] .m.m.a.ExceptionHandlerExceptionResolver : Using @ExceptionHandler com.smart.billing.app.exception.GlobalExceptionHandler#handleInvalidJson(HttpMessageNotReadableException)
2026-06-08T20:08:02.848-06:00 DEBUG 9602 --- [smart-billing] [           main] o.s.w.s.m.m.a.HttpEntityMethodProcessor  : Using 'text/plain', given [*/*] and supported [text/plain, */*, application/json, application/*+json, application/yaml]
2026-06-08T20:08:02.848-06:00 DEBUG 9602 --- [smart-billing] [           main] o.s.w.s.m.m.a.HttpEntityMethodProcessor  : Writing ["Malformed JSON request"]
2026-06-08T20:08:02.848-06:00 DEBUG 9602 --- [smart-billing] [           main] .m.m.a.ExceptionHandlerExceptionResolver : Resolved [org.springframework.http.converter.HttpMessageNotReadableException: JSON parse error: Unexpected character ('i' (code 105)): was expecting double-quote to start field name]
]]></system-out>
  </testcase>
  <testcase name="create_ShouldReturnInternalServerError_WhenServiceThrowsException" classname="InvoiceControllerTest Unit Tests" time="0.045">
    <system-out><![CDATA[2026-06-08T20:08:02.861-06:00 DEBUG 9602 --- [smart-billing] [           main] s.w.s.m.m.a.RequestMappingHandlerMapping : 5 mappings in org.springframework.web.servlet.mvc.method.annotation.RequestMappingHandlerMapping
2026-06-08T20:08:02.863-06:00 DEBUG 9602 --- [smart-billing] [           main] s.w.s.m.m.a.RequestMappingHandlerAdapter : ControllerAdvice beans: 0 @ModelAttribute, 0 @InitBinder, 1 RequestBodyAdvice, 1 ResponseBodyAdvice
2026-06-08T20:08:02.864-06:00 DEBUG 9602 --- [smart-billing] [           main] .m.m.a.ExceptionHandlerExceptionResolver : ControllerAdvice beans: 1 @ExceptionHandler, 1 ResponseBodyAdvice
2026-06-08T20:08:02.864-06:00  INFO 9602 --- [smart-billing] [           main] o.s.mock.web.MockServletContext          : Initializing Spring TestDispatcherServlet ''
2026-06-08T20:08:02.864-06:00  INFO 9602 --- [smart-billing] [           main] o.s.t.web.servlet.TestDispatcherServlet  : Initializing Servlet ''
2026-06-08T20:08:02.864-06:00  INFO 9602 --- [smart-billing] [           main] o.s.t.web.servlet.TestDispatcherServlet  : Completed initialization in 0 ms
2026-06-08T20:08:02.870-06:00 DEBUG 9602 --- [smart-billing] [           main] s.w.s.m.m.a.RequestMappingHandlerMapping : Mapped to com.smart.billing.app.controller.InvoiceController#create(InvoiceRequestDTO)
2026-06-08T20:08:02.885-06:00 DEBUG 9602 --- [smart-billing] [           main] m.m.a.RequestResponseBodyMethodProcessor : Read "application/json" to [InvoiceRequestDTO[contractId=1, invoiceNumber=INV-1001, issueDate=2024-02-01T00:00, dueDate=2024-02- (truncated)...]
2026-06-08T20:08:02.894-06:00 DEBUG 9602 --- [smart-billing] [           main] .m.m.a.ExceptionHandlerExceptionResolver : Using @ExceptionHandler com.smart.billing.app.exception.GlobalExceptionHandler#handleRuntimeException(RuntimeException)
2026-06-08T20:08:02.895-06:00 DEBUG 9602 --- [smart-billing] [           main] o.s.w.s.m.m.a.HttpEntityMethodProcessor  : Using 'text/plain', given [*/*] and supported [text/plain, */*, application/json, application/*+json, application/yaml]
2026-06-08T20:08:02.895-06:00 DEBUG 9602 --- [smart-billing] [           main] o.s.w.s.m.m.a.HttpEntityMethodProcessor  : Writing ["Internal error"]
2026-06-08T20:08:02.895-06:00 DEBUG 9602 --- [smart-billing] [           main] .m.m.a.ExceptionHandlerExceptionResolver : Resolved [java.lang.RuntimeException: Internal error]
]]></system-out>
  </testcase>
  <testcase name="delete_ShouldReturnNoContent_WhenSuccess" classname="InvoiceControllerTest Unit Tests" time="0.025">
    <system-out><![CDATA[2026-06-08T20:08:02.911-06:00 DEBUG 9602 --- [smart-billing] [           main] s.w.s.m.m.a.RequestMappingHandlerMapping : 5 mappings in org.springframework.web.servlet.mvc.method.annotation.RequestMappingHandlerMapping
2026-06-08T20:08:02.915-06:00 DEBUG 9602 --- [smart-billing] [           main] s.w.s.m.m.a.RequestMappingHandlerAdapter : ControllerAdvice beans: 0 @ModelAttribute, 0 @InitBinder, 1 RequestBodyAdvice, 1 ResponseBodyAdvice
2026-06-08T20:08:02.916-06:00 DEBUG 9602 --- [smart-billing] [           main] .m.m.a.ExceptionHandlerExceptionResolver : ControllerAdvice beans: 1 @ExceptionHandler, 1 ResponseBodyAdvice
2026-06-08T20:08:02.916-06:00  INFO 9602 --- [smart-billing] [           main] o.s.mock.web.MockServletContext          : Initializing Spring TestDispatcherServlet ''
2026-06-08T20:08:02.916-06:00  INFO 9602 --- [smart-billing] [           main] o.s.t.web.servlet.TestDispatcherServlet  : Initializing Servlet ''
2026-06-08T20:08:02.917-06:00  INFO 9602 --- [smart-billing] [           main] o.s.t.web.servlet.TestDispatcherServlet  : Completed initialization in 1 ms
2026-06-08T20:08:02.918-06:00 DEBUG 9602 --- [smart-billing] [           main] s.w.s.m.m.a.RequestMappingHandlerMapping : Mapped to com.smart.billing.app.controller.InvoiceController#delete(Integer)
2026-06-08T20:08:02.920-06:00 DEBUG 9602 --- [smart-billing] [           main] o.s.w.s.m.m.a.HttpEntityMethodProcessor  : Using 'application/json', given [*/*] and supported [application/json, application/*+json, application/yaml]
2026-06-08T20:08:02.921-06:00 DEBUG 9602 --- [smart-billing] [           main] o.s.w.s.m.m.a.HttpEntityMethodProcessor  : Nothing to write: null body
]]></system-out>
  </testcase>
  <testcase name="update_ShouldReturnBadRequest_WhenEmptyBody" classname="InvoiceControllerTest Unit Tests" time="0.023">
    <system-out><![CDATA[2026-06-08T20:08:02.934-06:00 DEBUG 9602 --- [smart-billing] [           main] s.w.s.m.m.a.RequestMappingHandlerMapping : 5 mappings in org.springframework.web.servlet.mvc.method.annotation.RequestMappingHandlerMapping
2026-06-08T20:08:02.935-06:00 DEBUG 9602 --- [smart-billing] [           main] s.w.s.m.m.a.RequestMappingHandlerAdapter : ControllerAdvice beans: 0 @ModelAttribute, 0 @InitBinder, 1 RequestBodyAdvice, 1 ResponseBodyAdvice
2026-06-08T20:08:02.937-06:00 DEBUG 9602 --- [smart-billing] [           main] .m.m.a.ExceptionHandlerExceptionResolver : ControllerAdvice beans: 1 @ExceptionHandler, 1 ResponseBodyAdvice
2026-06-08T20:08:02.937-06:00  INFO 9602 --- [smart-billing] [           main] o.s.mock.web.MockServletContext          : Initializing Spring TestDispatcherServlet ''
2026-06-08T20:08:02.937-06:00  INFO 9602 --- [smart-billing] [           main] o.s.t.web.servlet.TestDispatcherServlet  : Initializing Servlet ''
2026-06-08T20:08:02.938-06:00  INFO 9602 --- [smart-billing] [           main] o.s.t.web.servlet.TestDispatcherServlet  : Completed initialization in 1 ms
2026-06-08T20:08:02.939-06:00 DEBUG 9602 --- [smart-billing] [           main] s.w.s.m.m.a.RequestMappingHandlerMapping : Mapped to com.smart.billing.app.controller.InvoiceController#update(Integer, InvoiceRequestDTO)
2026-06-08T20:08:02.943-06:00 DEBUG 9602 --- [smart-billing] [           main] m.m.a.RequestResponseBodyMethodProcessor : Read "application/json" to []
2026-06-08T20:08:02.944-06:00 DEBUG 9602 --- [smart-billing] [           main] .m.m.a.ExceptionHandlerExceptionResolver : Using @ExceptionHandler com.smart.billing.app.exception.GlobalExceptionHandler#handleInvalidJson(HttpMessageNotReadableException)
2026-06-08T20:08:02.945-06:00 DEBUG 9602 --- [smart-billing] [           main] o.s.w.s.m.m.a.HttpEntityMethodProcessor  : Using 'text/plain', given [*/*] and supported [text/plain, */*, application/json, application/*+json, application/yaml]
2026-06-08T20:08:02.945-06:00 DEBUG 9602 --- [smart-billing] [           main] o.s.w.s.m.m.a.HttpEntityMethodProcessor  : Writing ["Malformed JSON request"]
2026-06-08T20:08:02.946-06:00 DEBUG 9602 --- [smart-billing] [           main] .m.m.a.ExceptionHandlerExceptionResolver : Resolved [org.springframework.http.converter.HttpMessageNotReadableException: Required request body is missing: public org.springframework.http.ResponseEntity<com.smart.billing.app.dto.InvoiceResponseDTO> com.smart.billing.app.controller.InvoiceController.update(java.lang.Integer,com.smart.billing.app.dto.InvoiceRequestDTO)]
]]></system-out>
  </testcase>
  <testcase name="delete_ShouldReturnBadRequest_WhenInvalidId" classname="InvoiceControllerTest Unit Tests" time="0.021">
    <system-out><![CDATA[2026-06-08T20:08:02.957-06:00 DEBUG 9602 --- [smart-billing] [           main] s.w.s.m.m.a.RequestMappingHandlerMapping : 5 mappings in org.springframework.web.servlet.mvc.method.annotation.RequestMappingHandlerMapping
2026-06-08T20:08:02.960-06:00 DEBUG 9602 --- [smart-billing] [           main] s.w.s.m.m.a.RequestMappingHandlerAdapter : ControllerAdvice beans: 0 @ModelAttribute, 0 @InitBinder, 1 RequestBodyAdvice, 1 ResponseBodyAdvice
2026-06-08T20:08:02.961-06:00 DEBUG 9602 --- [smart-billing] [           main] .m.m.a.ExceptionHandlerExceptionResolver : ControllerAdvice beans: 1 @ExceptionHandler, 1 ResponseBodyAdvice
2026-06-08T20:08:02.962-06:00  INFO 9602 --- [smart-billing] [           main] o.s.mock.web.MockServletContext          : Initializing Spring TestDispatcherServlet ''
2026-06-08T20:08:02.962-06:00  INFO 9602 --- [smart-billing] [           main] o.s.t.web.servlet.TestDispatcherServlet  : Initializing Servlet ''
2026-06-08T20:08:02.962-06:00  INFO 9602 --- [smart-billing] [           main] o.s.t.web.servlet.TestDispatcherServlet  : Completed initialization in 0 ms
2026-06-08T20:08:02.963-06:00 DEBUG 9602 --- [smart-billing] [           main] s.w.s.m.m.a.RequestMappingHandlerMapping : Mapped to com.smart.billing.app.controller.InvoiceController#delete(Integer)
2026-06-08T20:08:02.964-06:00 DEBUG 9602 --- [smart-billing] [           main] o.s.web.method.HandlerMethod             : Could not resolve parameter [0] in public org.springframework.http.ResponseEntity<java.lang.Void> com.smart.billing.app.controller.InvoiceController.delete(java.lang.Integer): Method parameter 'id': Failed to convert value of type 'java.lang.String' to required type 'java.lang.Integer'; For input string: "abc"
2026-06-08T20:08:02.965-06:00 DEBUG 9602 --- [smart-billing] [           main] .m.m.a.ExceptionHandlerExceptionResolver : Using @ExceptionHandler com.smart.billing.app.exception.GlobalExceptionHandler#handleTypeMismatch(MethodArgumentTypeMismatchException)
2026-06-08T20:08:02.966-06:00 DEBUG 9602 --- [smart-billing] [           main] o.s.w.s.m.m.a.HttpEntityMethodProcessor  : Using 'text/plain', given [*/*] and supported [text/plain, */*, application/json, application/*+json, application/yaml]
2026-06-08T20:08:02.966-06:00 DEBUG 9602 --- [smart-billing] [           main] o.s.w.s.m.m.a.HttpEntityMethodProcessor  : Writing ["Invalid parameter type: abc"]
2026-06-08T20:08:02.967-06:00 DEBUG 9602 --- [smart-billing] [           main] .m.m.a.ExceptionHandlerExceptionResolver : Resolved [org.springframework.web.method.annotation.MethodArgumentTypeMismatchException: Method parameter 'id': Failed to convert value of type 'java.lang.String' to required type 'java.lang.Integer'; For input string: "abc"]
]]></system-out>
  </testcase>
  <testcase name="update_ShouldReturnBadRequest_WhenMalformedJson" classname="InvoiceControllerTest Unit Tests" time="0.03">
    <system-out><![CDATA[2026-06-08T20:08:02.986-06:00 DEBUG 9602 --- [smart-billing] [           main] s.w.s.m.m.a.RequestMappingHandlerMapping : 5 mappings in org.springframework.web.servlet.mvc.method.annotation.RequestMappingHandlerMapping
2026-06-08T20:08:02.989-06:00 DEBUG 9602 --- [smart-billing] [           main] s.w.s.m.m.a.RequestMappingHandlerAdapter : ControllerAdvice beans: 0 @ModelAttribute, 0 @InitBinder, 1 RequestBodyAdvice, 1 ResponseBodyAdvice
2026-06-08T20:08:02.990-06:00 DEBUG 9602 --- [smart-billing] [           main] .m.m.a.ExceptionHandlerExceptionResolver : ControllerAdvice beans: 1 @ExceptionHandler, 1 ResponseBodyAdvice
2026-06-08T20:08:02.990-06:00  INFO 9602 --- [smart-billing] [           main] o.s.mock.web.MockServletContext          : Initializing Spring TestDispatcherServlet ''
2026-06-08T20:08:02.990-06:00  INFO 9602 --- [smart-billing] [           main] o.s.t.web.servlet.TestDispatcherServlet  : Initializing Servlet ''
2026-06-08T20:08:02.991-06:00  INFO 9602 --- [smart-billing] [           main] o.s.t.web.servlet.TestDispatcherServlet  : Completed initialization in 1 ms
2026-06-08T20:08:02.992-06:00 DEBUG 9602 --- [smart-billing] [           main] s.w.s.m.m.a.RequestMappingHandlerMapping : Mapped to com.smart.billing.app.controller.InvoiceController#update(Integer, InvoiceRequestDTO)
2026-06-08T20:08:02.997-06:00 DEBUG 9602 --- [smart-billing] [           main] o.s.web.method.HandlerMethod             : Could not resolve parameter [1] in public org.springframework.http.ResponseEntity<com.smart.billing.app.dto.InvoiceResponseDTO> com.smart.billing.app.controller.InvoiceController.update(java.lang.Integer,com.smart.billing.app.dto.InvoiceRequestDTO): JSON parse error: Unexpected character ('i' (code 105)): was expecting double-quote to start field name
2026-06-08T20:08:02.998-06:00 DEBUG 9602 --- [smart-billing] [           main] .m.m.a.ExceptionHandlerExceptionResolver : Using @ExceptionHandler com.smart.billing.app.exception.GlobalExceptionHandler#handleInvalidJson(HttpMessageNotReadableException)
2026-06-08T20:08:02.998-06:00 DEBUG 9602 --- [smart-billing] [           main] o.s.w.s.m.m.a.HttpEntityMethodProcessor  : Using 'text/plain', given [*/*] and supported [text/plain, */*, application/json, application/*+json, application/yaml]
2026-06-08T20:08:02.998-06:00 DEBUG 9602 --- [smart-billing] [           main] o.s.w.s.m.m.a.HttpEntityMethodProcessor  : Writing ["Malformed JSON request"]
2026-06-08T20:08:02.999-06:00 DEBUG 9602 --- [smart-billing] [           main] .m.m.a.ExceptionHandlerExceptionResolver : Resolved [org.springframework.http.converter.HttpMessageNotReadableException: JSON parse error: Unexpected character ('i' (code 105)): was expecting double-quote to start field name]
]]></system-out>
  </testcase>
  <testcase name="getAll_ShouldReturnListOfInvoices_WhenSuccess" classname="InvoiceControllerTest Unit Tests" time="0.037">
    <system-out><![CDATA[2026-06-08T20:08:03.018-06:00 DEBUG 9602 --- [smart-billing] [           main] s.w.s.m.m.a.RequestMappingHandlerMapping : 5 mappings in org.springframework.web.servlet.mvc.method.annotation.RequestMappingHandlerMapping
2026-06-08T20:08:03.021-06:00 DEBUG 9602 --- [smart-billing] [           main] s.w.s.m.m.a.RequestMappingHandlerAdapter : ControllerAdvice beans: 0 @ModelAttribute, 0 @InitBinder, 1 RequestBodyAdvice, 1 ResponseBodyAdvice
2026-06-08T20:08:03.022-06:00 DEBUG 9602 --- [smart-billing] [           main] .m.m.a.ExceptionHandlerExceptionResolver : ControllerAdvice beans: 1 @ExceptionHandler, 1 ResponseBodyAdvice
2026-06-08T20:08:03.022-06:00  INFO 9602 --- [smart-billing] [           main] o.s.mock.web.MockServletContext          : Initializing Spring TestDispatcherServlet ''
2026-06-08T20:08:03.022-06:00  INFO 9602 --- [smart-billing] [           main] o.s.t.web.servlet.TestDispatcherServlet  : Initializing Servlet ''
2026-06-08T20:08:03.022-06:00  INFO 9602 --- [smart-billing] [           main] o.s.t.web.servlet.TestDispatcherServlet  : Completed initialization in 0 ms
2026-06-08T20:08:03.024-06:00 DEBUG 9602 --- [smart-billing] [           main] s.w.s.m.m.a.RequestMappingHandlerMapping : Mapped to com.smart.billing.app.controller.InvoiceController#getAll()
2026-06-08T20:08:03.028-06:00 DEBUG 9602 --- [smart-billing] [           main] o.s.w.s.m.m.a.HttpEntityMethodProcessor  : Using 'application/json', given [*/*] and supported [application/json, application/*+json, application/yaml]
2026-06-08T20:08:03.030-06:00 DEBUG 9602 --- [smart-billing] [           main] o.s.w.s.m.m.a.HttpEntityMethodProcessor  : Writing [[InvoiceResponseDTO[id=1, contractId=1, invoiceNumber=INV-1001, customerName=Service Contract, issue (truncated)...]
]]></system-out>
  </testcase>
  <testcase name="create_ShouldReturnCreatedInvoice_WhenSuccess" classname="InvoiceControllerTest Unit Tests" time="0.044">
    <system-out><![CDATA[2026-06-08T20:08:03.052-06:00 DEBUG 9602 --- [smart-billing] [           main] s.w.s.m.m.a.RequestMappingHandlerMapping : 5 mappings in org.springframework.web.servlet.mvc.method.annotation.RequestMappingHandlerMapping
2026-06-08T20:08:03.055-06:00 DEBUG 9602 --- [smart-billing] [           main] s.w.s.m.m.a.RequestMappingHandlerAdapter : ControllerAdvice beans: 0 @ModelAttribute, 0 @InitBinder, 1 RequestBodyAdvice, 1 ResponseBodyAdvice
2026-06-08T20:08:03.056-06:00 DEBUG 9602 --- [smart-billing] [           main] .m.m.a.ExceptionHandlerExceptionResolver : ControllerAdvice beans: 1 @ExceptionHandler, 1 ResponseBodyAdvice
2026-06-08T20:08:03.056-06:00  INFO 9602 --- [smart-billing] [           main] o.s.mock.web.MockServletContext          : Initializing Spring TestDispatcherServlet ''
2026-06-08T20:08:03.056-06:00  INFO 9602 --- [smart-billing] [           main] o.s.t.web.servlet.TestDispatcherServlet  : Initializing Servlet ''
2026-06-08T20:08:03.056-06:00  INFO 9602 --- [smart-billing] [           main] o.s.t.web.servlet.TestDispatcherServlet  : Completed initialization in 0 ms
2026-06-08T20:08:03.062-06:00 DEBUG 9602 --- [smart-billing] [           main] s.w.s.m.m.a.RequestMappingHandlerMapping : Mapped to com.smart.billing.app.controller.InvoiceController#create(InvoiceRequestDTO)
2026-06-08T20:08:03.068-06:00 DEBUG 9602 --- [smart-billing] [           main] m.m.a.RequestResponseBodyMethodProcessor : Read "application/json" to [InvoiceRequestDTO[contractId=1, invoiceNumber=INV-1001, issueDate=2024-02-01T00:00, dueDate=2024-02- (truncated)...]
2026-06-08T20:08:03.079-06:00 DEBUG 9602 --- [smart-billing] [           main] o.s.w.s.m.m.a.HttpEntityMethodProcessor  : Using 'application/json', given [*/*] and supported [application/json, application/*+json, application/yaml]
2026-06-08T20:08:03.079-06:00 DEBUG 9602 --- [smart-billing] [           main] o.s.w.s.m.m.a.HttpEntityMethodProcessor  : Writing [InvoiceResponseDTO[id=1, contractId=1, invoiceNumber=INV-1001, customerName=Service Contract, issueD (truncated)...]
]]></system-out>
  </testcase>
  <testcase name="create_ShouldReturnBadRequest_WhenValidationFails" classname="InvoiceControllerTest Unit Tests" time="0.033">
    <system-out><![CDATA[2026-06-08T20:08:03.093-06:00 DEBUG 9602 --- [smart-billing] [           main] s.w.s.m.m.a.RequestMappingHandlerMapping : 5 mappings in org.springframework.web.servlet.mvc.method.annotation.RequestMappingHandlerMapping
2026-06-08T20:08:03.094-06:00 DEBUG 9602 --- [smart-billing] [           main] s.w.s.m.m.a.RequestMappingHandlerAdapter : ControllerAdvice beans: 0 @ModelAttribute, 0 @InitBinder, 1 RequestBodyAdvice, 1 ResponseBodyAdvice
2026-06-08T20:08:03.095-06:00 DEBUG 9602 --- [smart-billing] [           main] .m.m.a.ExceptionHandlerExceptionResolver : ControllerAdvice beans: 1 @ExceptionHandler, 1 ResponseBodyAdvice
2026-06-08T20:08:03.095-06:00  INFO 9602 --- [smart-billing] [           main] o.s.mock.web.MockServletContext          : Initializing Spring TestDispatcherServlet ''
2026-06-08T20:08:03.095-06:00  INFO 9602 --- [smart-billing] [           main] o.s.t.web.servlet.TestDispatcherServlet  : Initializing Servlet ''
2026-06-08T20:08:03.095-06:00  INFO 9602 --- [smart-billing] [           main] o.s.t.web.servlet.TestDispatcherServlet  : Completed initialization in 0 ms
2026-06-08T20:08:03.098-06:00 DEBUG 9602 --- [smart-billing] [           main] s.w.s.m.m.a.RequestMappingHandlerMapping : Mapped to com.smart.billing.app.controller.InvoiceController#create(InvoiceRequestDTO)
2026-06-08T20:08:03.101-06:00 DEBUG 9602 --- [smart-billing] [           main] m.m.a.RequestResponseBodyMethodProcessor : Read "application/json" to [InvoiceRequestDTO[contractId=null, invoiceNumber=, issueDate=null, dueDate=null, totalAmount=null, p (truncated)...]
2026-06-08T20:08:03.109-06:00 DEBUG 9602 --- [smart-billing] [           main] .m.m.a.ExceptionHandlerExceptionResolver : Using @ExceptionHandler com.smart.billing.app.exception.GlobalExceptionHandler#handleGeneric(Exception)
2026-06-08T20:08:03.113-06:00 DEBUG 9602 --- [smart-billing] [           main] o.s.w.s.m.m.a.HttpEntityMethodProcessor  : Using 'application/json', given [*/*] and supported [application/json, application/*+json, application/yaml]
2026-06-08T20:08:03.114-06:00 DEBUG 9602 --- [smart-billing] [           main] o.s.w.s.m.m.a.HttpEntityMethodProcessor  : Writing [ErrorResponse[timestamp=2026-06-08T20:08:03.109876216, Status=400, message=Validation failed for arg (truncated)...]
2026-06-08T20:08:03.116-06:00 DEBUG 9602 --- [smart-billing] [           main] .m.m.a.ExceptionHandlerExceptionResolver : Resolved [org.springframework.web.bind.MethodArgumentNotValidException: Validation failed for argument [0] in public org.springframework.http.ResponseEntity<com.smart.billing.app.dto.InvoiceResponseDTO> com.smart.billing.app.controller.InvoiceController.create(com.smart.billing.app.dto.InvoiceRequestDTO) with 4 errors: [Field error in object 'invoiceRequestDTO' on field 'dueDate': rejected value [null]; codes [NotNull.invoiceRequestDTO.dueDate,NotNull.dueDate,NotNull.java.time.LocalDateTime,NotNull]; arguments [org.springframework.context.support.DefaultMessageSourceResolvable: codes [invoiceRequestDTO.dueDate,dueDate]; arguments []; default message [dueDate]]; default message [Due date is required]] [Field error in object 'invoiceRequestDTO' on field 'issueDate': rejected value [null]; codes [NotNull.invoiceRequestDTO.issueDate,NotNull.issueDate,NotNull.java.time.LocalDateTime,NotNull]; arguments [org.springframework.context.support.DefaultMessageSourceResolvable: codes [invoiceRequestDTO.issueDate,issueDate]; arguments []; default message [issueDate]]; default message [Issue date is required]] [Field error in object 'invoiceRequestDTO' on field 'invoiceNumber': rejected value []; codes [NotBlank.invoiceRequestDTO.invoiceNumber,NotBlank.invoiceNumber,NotBlank.java.lang.String,NotBlank]; arguments [org.springframework.context.support.DefaultMessageSourceResolvable: codes [invoiceRequestDTO.invoiceNumber,invoiceNumber]; arguments []; default message [invoiceNumber]]; default message [Invoice number is required]] [Field error in object 'invoiceRequestDTO' on field 'contractId': rejected value [null]; codes [NotNull.invoiceRequestDTO.contractId,NotNull.contractId,NotNull.java.lang.Integer,NotNull]; arguments [org.springframework.context.support.DefaultMessageSourceResolvable: codes [invoiceRequestDTO.contractId,contractId]; arguments []; default message [contractId]]; default message [Contract ID is required]] ]
]]></system-out>
  </testcase>
  <testcase name="update_ShouldReturnNotFound_WhenResourceNotFound" classname="InvoiceControllerTest Unit Tests" time="0.039">
    <system-out><![CDATA[2026-06-08T20:08:03.129-06:00 DEBUG 9602 --- [smart-billing] [           main] s.w.s.m.m.a.RequestMappingHandlerMapping : 5 mappings in org.springframework.web.servlet.mvc.method.annotation.RequestMappingHandlerMapping
2026-06-08T20:08:03.133-06:00 DEBUG 9602 --- [smart-billing] [           main] s.w.s.m.m.a.RequestMappingHandlerAdapter : ControllerAdvice beans: 0 @ModelAttribute, 0 @InitBinder, 1 RequestBodyAdvice, 1 ResponseBodyAdvice
2026-06-08T20:08:03.134-06:00 DEBUG 9602 --- [smart-billing] [           main] .m.m.a.ExceptionHandlerExceptionResolver : ControllerAdvice beans: 1 @ExceptionHandler, 1 ResponseBodyAdvice
2026-06-08T20:08:03.134-06:00  INFO 9602 --- [smart-billing] [           main] o.s.mock.web.MockServletContext          : Initializing Spring TestDispatcherServlet ''
2026-06-08T20:08:03.134-06:00  INFO 9602 --- [smart-billing] [           main] o.s.t.web.servlet.TestDispatcherServlet  : Initializing Servlet ''
2026-06-08T20:08:03.134-06:00  INFO 9602 --- [smart-billing] [           main] o.s.t.web.servlet.TestDispatcherServlet  : Completed initialization in 0 ms
2026-06-08T20:08:03.138-06:00 DEBUG 9602 --- [smart-billing] [           main] s.w.s.m.m.a.RequestMappingHandlerMapping : Mapped to com.smart.billing.app.controller.InvoiceController#update(Integer, InvoiceRequestDTO)
2026-06-08T20:08:03.143-06:00 DEBUG 9602 --- [smart-billing] [           main] m.m.a.RequestResponseBodyMethodProcessor : Read "application/json" to [InvoiceRequestDTO[contractId=1, invoiceNumber=INV-1001, issueDate=2024-02-01T00:00, dueDate=2024-02- (truncated)...]
2026-06-08T20:08:03.151-06:00 DEBUG 9602 --- [smart-billing] [           main] .m.m.a.ExceptionHandlerExceptionResolver : Using @ExceptionHandler com.smart.billing.app.exception.GlobalExceptionHandler#handleNotFound(ResourceNotFoundException)
2026-06-08T20:08:03.155-06:00 DEBUG 9602 --- [smart-billing] [           main] o.s.w.s.m.m.a.HttpEntityMethodProcessor  : Using 'application/json', given [*/*] and supported [application/json, application/*+json, application/yaml]
2026-06-08T20:08:03.156-06:00 DEBUG 9602 --- [smart-billing] [           main] o.s.w.s.m.m.a.HttpEntityMethodProcessor  : Writing [ErrorResponse[timestamp=2026-06-08T20:08:03.151956112, Status=404, message=Invoice not found]]
2026-06-08T20:08:03.156-06:00 DEBUG 9602 --- [smart-billing] [           main] .m.m.a.ExceptionHandlerExceptionResolver : Resolved [com.smart.billing.app.exception.ResourceNotFoundException: Invoice not found]
]]></system-out>
  </testcase>
  <testcase name="update_ShouldReturnBadRequest_WhenValidationFails" classname="InvoiceControllerTest Unit Tests" time="0.037">
    <system-out><![CDATA[2026-06-08T20:08:03.170-06:00 DEBUG 9602 --- [smart-billing] [           main] s.w.s.m.m.a.RequestMappingHandlerMapping : 5 mappings in org.springframework.web.servlet.mvc.method.annotation.RequestMappingHandlerMapping
2026-06-08T20:08:03.174-06:00 DEBUG 9602 --- [smart-billing] [           main] s.w.s.m.m.a.RequestMappingHandlerAdapter : ControllerAdvice beans: 0 @ModelAttribute, 0 @InitBinder, 1 RequestBodyAdvice, 1 ResponseBodyAdvice
2026-06-08T20:08:03.174-06:00 DEBUG 9602 --- [smart-billing] [           main] .m.m.a.ExceptionHandlerExceptionResolver : ControllerAdvice beans: 1 @ExceptionHandler, 1 ResponseBodyAdvice
2026-06-08T20:08:03.174-06:00  INFO 9602 --- [smart-billing] [           main] o.s.mock.web.MockServletContext          : Initializing Spring TestDispatcherServlet ''
2026-06-08T20:08:03.175-06:00  INFO 9602 --- [smart-billing] [           main] o.s.t.web.servlet.TestDispatcherServlet  : Initializing Servlet ''
2026-06-08T20:08:03.175-06:00  INFO 9602 --- [smart-billing] [           main] o.s.t.web.servlet.TestDispatcherServlet  : Completed initialization in 0 ms
2026-06-08T20:08:03.177-06:00 DEBUG 9602 --- [smart-billing] [           main] s.w.s.m.m.a.RequestMappingHandlerMapping : Mapped to com.smart.billing.app.controller.InvoiceController#update(Integer, InvoiceRequestDTO)
2026-06-08T20:08:03.181-06:00 DEBUG 9602 --- [smart-billing] [           main] m.m.a.RequestResponseBodyMethodProcessor : Read "application/json" to [InvoiceRequestDTO[contractId=null, invoiceNumber=, issueDate=null, dueDate=null, totalAmount=null, p (truncated)...]
2026-06-08T20:08:03.191-06:00 DEBUG 9602 --- [smart-billing] [           main] .m.m.a.ExceptionHandlerExceptionResolver : Using @ExceptionHandler com.smart.billing.app.exception.GlobalExceptionHandler#handleGeneric(Exception)
2026-06-08T20:08:03.193-06:00 DEBUG 9602 --- [smart-billing] [           main] o.s.w.s.m.m.a.HttpEntityMethodProcessor  : Using 'application/json', given [*/*] and supported [application/json, application/*+json, application/yaml]
2026-06-08T20:08:03.193-06:00 DEBUG 9602 --- [smart-billing] [           main] o.s.w.s.m.m.a.HttpEntityMethodProcessor  : Writing [ErrorResponse[timestamp=2026-06-08T20:08:03.191482770, Status=400, message=Validation failed for arg (truncated)...]
2026-06-08T20:08:03.194-06:00 DEBUG 9602 --- [smart-billing] [           main] .m.m.a.ExceptionHandlerExceptionResolver : Resolved [org.springframework.web.bind.MethodArgumentNotValidException: Validation failed for argument [1] in public org.springframework.http.ResponseEntity<com.smart.billing.app.dto.InvoiceResponseDTO> com.smart.billing.app.controller.InvoiceController.update(java.lang.Integer,com.smart.billing.app.dto.InvoiceRequestDTO) with 4 errors: [Field error in object 'invoiceRequestDTO' on field 'invoiceNumber': rejected value []; codes [NotBlank.invoiceRequestDTO.invoiceNumber,NotBlank.invoiceNumber,NotBlank.java.lang.String,NotBlank]; arguments [org.springframework.context.support.DefaultMessageSourceResolvable: codes [invoiceRequestDTO.invoiceNumber,invoiceNumber]; arguments []; default message [invoiceNumber]]; default message [Invoice number is required]] [Field error in object 'invoiceRequestDTO' on field 'dueDate': rejected value [null]; codes [NotNull.invoiceRequestDTO.dueDate,NotNull.dueDate,NotNull.java.time.LocalDateTime,NotNull]; arguments [org.springframework.context.support.DefaultMessageSourceResolvable: codes [invoiceRequestDTO.dueDate,dueDate]; arguments []; default message [dueDate]]; default message [Due date is required]] [Field error in object 'invoiceRequestDTO' on field 'issueDate': rejected value [null]; codes [NotNull.invoiceRequestDTO.issueDate,NotNull.issueDate,NotNull.java.time.LocalDateTime,NotNull]; arguments [org.springframework.context.support.DefaultMessageSourceResolvable: codes [invoiceRequestDTO.issueDate,issueDate]; arguments []; default message [issueDate]]; default message [Issue date is required]] [Field error in object 'invoiceRequestDTO' on field 'contractId': rejected value [null]; codes [NotNull.invoiceRequestDTO.contractId,NotNull.contractId,NotNull.java.lang.Integer,NotNull]; arguments [org.springframework.context.support.DefaultMessageSourceResolvable: codes [invoiceRequestDTO.contractId,contractId]; arguments []; default message [contractId]]; default message [Contract ID is required]] ]
]]></system-out>
  </testcase>
  <testcase name="getById_ShouldReturnInvoice_WhenSuccess" classname="InvoiceControllerTest Unit Tests" time="0.023">
    <system-out><![CDATA[2026-06-08T20:08:03.204-06:00 DEBUG 9602 --- [smart-billing] [           main] s.w.s.m.m.a.RequestMappingHandlerMapping : 5 mappings in org.springframework.web.servlet.mvc.method.annotation.RequestMappingHandlerMapping
2026-06-08T20:08:03.206-06:00 DEBUG 9602 --- [smart-billing] [           main] s.w.s.m.m.a.RequestMappingHandlerAdapter : ControllerAdvice beans: 0 @ModelAttribute, 0 @InitBinder, 1 RequestBodyAdvice, 1 ResponseBodyAdvice
2026-06-08T20:08:03.207-06:00 DEBUG 9602 --- [smart-billing] [           main] .m.m.a.ExceptionHandlerExceptionResolver : ControllerAdvice beans: 1 @ExceptionHandler, 1 ResponseBodyAdvice
2026-06-08T20:08:03.207-06:00  INFO 9602 --- [smart-billing] [           main] o.s.mock.web.MockServletContext          : Initializing Spring TestDispatcherServlet ''
2026-06-08T20:08:03.207-06:00  INFO 9602 --- [smart-billing] [           main] o.s.t.web.servlet.TestDispatcherServlet  : Initializing Servlet ''
2026-06-08T20:08:03.207-06:00  INFO 9602 --- [smart-billing] [           main] o.s.t.web.servlet.TestDispatcherServlet  : Completed initialization in 0 ms
2026-06-08T20:08:03.208-06:00 DEBUG 9602 --- [smart-billing] [           main] s.w.s.m.m.a.RequestMappingHandlerMapping : Mapped to com.smart.billing.app.controller.InvoiceController#getById(Integer)
2026-06-08T20:08:03.213-06:00 DEBUG 9602 --- [smart-billing] [           main] o.s.w.s.m.m.a.HttpEntityMethodProcessor  : Using 'application/json', given [*/*] and supported [application/json, application/*+json, application/yaml]
2026-06-08T20:08:03.213-06:00 DEBUG 9602 --- [smart-billing] [           main] o.s.w.s.m.m.a.HttpEntityMethodProcessor  : Writing [InvoiceResponseDTO[id=1, contractId=1, invoiceNumber=INV-1001, customerName=Service Contract, issueD (truncated)...]
]]></system-out>
  </testcase>
  <testcase name="getById_ShouldReturnBadRequest_WhenInvalidId" classname="InvoiceControllerTest Unit Tests" time="0.014">
    <system-out><![CDATA[2026-06-08T20:08:03.230-06:00 DEBUG 9602 --- [smart-billing] [           main] s.w.s.m.m.a.RequestMappingHandlerMapping : 5 mappings in org.springframework.web.servlet.mvc.method.annotation.RequestMappingHandlerMapping
2026-06-08T20:08:03.232-06:00 DEBUG 9602 --- [smart-billing] [           main] s.w.s.m.m.a.RequestMappingHandlerAdapter : ControllerAdvice beans: 0 @ModelAttribute, 0 @InitBinder, 1 RequestBodyAdvice, 1 ResponseBodyAdvice
2026-06-08T20:08:03.232-06:00 DEBUG 9602 --- [smart-billing] [           main] .m.m.a.ExceptionHandlerExceptionResolver : ControllerAdvice beans: 1 @ExceptionHandler, 1 ResponseBodyAdvice
2026-06-08T20:08:03.232-06:00  INFO 9602 --- [smart-billing] [           main] o.s.mock.web.MockServletContext          : Initializing Spring TestDispatcherServlet ''
2026-06-08T20:08:03.232-06:00  INFO 9602 --- [smart-billing] [           main] o.s.t.web.servlet.TestDispatcherServlet  : Initializing Servlet ''
2026-06-08T20:08:03.232-06:00  INFO 9602 --- [smart-billing] [           main] o.s.t.web.servlet.TestDispatcherServlet  : Completed initialization in 0 ms
2026-06-08T20:08:03.233-06:00 DEBUG 9602 --- [smart-billing] [           main] s.w.s.m.m.a.RequestMappingHandlerMapping : Mapped to com.smart.billing.app.controller.InvoiceController#getById(Integer)
2026-06-08T20:08:03.234-06:00 DEBUG 9602 --- [smart-billing] [           main] o.s.web.method.HandlerMethod             : Could not resolve parameter [0] in public org.springframework.http.ResponseEntity<com.smart.billing.app.dto.InvoiceResponseDTO> com.smart.billing.app.controller.InvoiceController.getById(java.lang.Integer): Method parameter 'id': Failed to convert value of type 'java.lang.String' to required type 'java.lang.Integer'; For input string: "abc"
2026-06-08T20:08:03.234-06:00 DEBUG 9602 --- [smart-billing] [           main] .m.m.a.ExceptionHandlerExceptionResolver : Using @ExceptionHandler com.smart.billing.app.exception.GlobalExceptionHandler#handleTypeMismatch(MethodArgumentTypeMismatchException)
2026-06-08T20:08:03.235-06:00 DEBUG 9602 --- [smart-billing] [           main] o.s.w.s.m.m.a.HttpEntityMethodProcessor  : Using 'text/plain', given [*/*] and supported [text/plain, */*, application/json, application/*+json, application/yaml]
2026-06-08T20:08:03.235-06:00 DEBUG 9602 --- [smart-billing] [           main] o.s.w.s.m.m.a.HttpEntityMethodProcessor  : Writing ["Invalid parameter type: abc"]
2026-06-08T20:08:03.235-06:00 DEBUG 9602 --- [smart-billing] [           main] .m.m.a.ExceptionHandlerExceptionResolver : Resolved [org.springframework.web.method.annotation.MethodArgumentTypeMismatchException: Method parameter 'id': Failed to convert value of type 'java.lang.String' to required type 'java.lang.Integer'; For input string: "abc"]
]]></system-out>
  </testcase>
  <testcase name="update_ShouldReturnInternalServerError_WhenServiceThrowsException" classname="InvoiceControllerTest Unit Tests" time="0.039">
    <system-out><![CDATA[2026-06-08T20:08:03.246-06:00 DEBUG 9602 --- [smart-billing] [           main] s.w.s.m.m.a.RequestMappingHandlerMapping : 5 mappings in org.springframework.web.servlet.mvc.method.annotation.RequestMappingHandlerMapping
2026-06-08T20:08:03.251-06:00 DEBUG 9602 --- [smart-billing] [           main] s.w.s.m.m.a.RequestMappingHandlerAdapter : ControllerAdvice beans: 0 @ModelAttribute, 0 @InitBinder, 1 RequestBodyAdvice, 1 ResponseBodyAdvice
2026-06-08T20:08:03.253-06:00 DEBUG 9602 --- [smart-billing] [           main] .m.m.a.ExceptionHandlerExceptionResolver : ControllerAdvice beans: 1 @ExceptionHandler, 1 ResponseBodyAdvice
2026-06-08T20:08:03.253-06:00  INFO 9602 --- [smart-billing] [           main] o.s.mock.web.MockServletContext          : Initializing Spring TestDispatcherServlet ''
2026-06-08T20:08:03.253-06:00  INFO 9602 --- [smart-billing] [           main] o.s.t.web.servlet.TestDispatcherServlet  : Initializing Servlet ''
2026-06-08T20:08:03.254-06:00  INFO 9602 --- [smart-billing] [           main] o.s.t.web.servlet.TestDispatcherServlet  : Completed initialization in 0 ms
2026-06-08T20:08:03.260-06:00 DEBUG 9602 --- [smart-billing] [           main] s.w.s.m.m.a.RequestMappingHandlerMapping : Mapped to com.smart.billing.app.controller.InvoiceController#update(Integer, InvoiceRequestDTO)
2026-06-08T20:08:03.266-06:00 DEBUG 9602 --- [smart-billing] [           main] m.m.a.RequestResponseBodyMethodProcessor : Read "application/json" to [InvoiceRequestDTO[contractId=1, invoiceNumber=INV-1001, issueDate=2024-02-01T00:00, dueDate=2024-02- (truncated)...]
2026-06-08T20:08:03.273-06:00 DEBUG 9602 --- [smart-billing] [           main] .m.m.a.ExceptionHandlerExceptionResolver : Using @ExceptionHandler com.smart.billing.app.exception.GlobalExceptionHandler#handleRuntimeException(RuntimeException)
2026-06-08T20:08:03.274-06:00 DEBUG 9602 --- [smart-billing] [           main] o.s.w.s.m.m.a.HttpEntityMethodProcessor  : Using 'text/plain', given [*/*] and supported [text/plain, */*, application/json, application/*+json, application/yaml]
2026-06-08T20:08:03.274-06:00 DEBUG 9602 --- [smart-billing] [           main] o.s.w.s.m.m.a.HttpEntityMethodProcessor  : Writing ["Internal error"]
2026-06-08T20:08:03.274-06:00 DEBUG 9602 --- [smart-billing] [           main] .m.m.a.ExceptionHandlerExceptionResolver : Resolved [java.lang.RuntimeException: Internal error]
]]></system-out>
  </testcase>
  <testcase name="create_ShouldReturnBadRequest_WhenEmptyBody" classname="InvoiceControllerTest Unit Tests" time="0.026">
    <system-out><![CDATA[2026-06-08T20:08:03.290-06:00 DEBUG 9602 --- [smart-billing] [           main] s.w.s.m.m.a.RequestMappingHandlerMapping : 5 mappings in org.springframework.web.servlet.mvc.method.annotation.RequestMappingHandlerMapping
2026-06-08T20:08:03.293-06:00 DEBUG 9602 --- [smart-billing] [           main] s.w.s.m.m.a.RequestMappingHandlerAdapter : ControllerAdvice beans: 0 @ModelAttribute, 0 @InitBinder, 1 RequestBodyAdvice, 1 ResponseBodyAdvice
2026-06-08T20:08:03.294-06:00 DEBUG 9602 --- [smart-billing] [           main] .m.m.a.ExceptionHandlerExceptionResolver : ControllerAdvice beans: 1 @ExceptionHandler, 1 ResponseBodyAdvice
2026-06-08T20:08:03.294-06:00  INFO 9602 --- [smart-billing] [           main] o.s.mock.web.MockServletContext          : Initializing Spring TestDispatcherServlet ''
2026-06-08T20:08:03.294-06:00  INFO 9602 --- [smart-billing] [           main] o.s.t.web.servlet.TestDispatcherServlet  : Initializing Servlet ''
2026-06-08T20:08:03.295-06:00  INFO 9602 --- [smart-billing] [           main] o.s.t.web.servlet.TestDispatcherServlet  : Completed initialization in 1 ms
2026-06-08T20:08:03.295-06:00 DEBUG 9602 --- [smart-billing] [           main] s.w.s.m.m.a.RequestMappingHandlerMapping : Mapped to com.smart.billing.app.controller.InvoiceController#create(InvoiceRequestDTO)
2026-06-08T20:08:03.299-06:00 DEBUG 9602 --- [smart-billing] [           main] m.m.a.RequestResponseBodyMethodProcessor : Read "application/json" to []
2026-06-08T20:08:03.299-06:00 DEBUG 9602 --- [smart-billing] [           main] .m.m.a.ExceptionHandlerExceptionResolver : Using @ExceptionHandler com.smart.billing.app.exception.GlobalExceptionHandler#handleInvalidJson(HttpMessageNotReadableException)
2026-06-08T20:08:03.300-06:00 DEBUG 9602 --- [smart-billing] [           main] o.s.w.s.m.m.a.HttpEntityMethodProcessor  : Using 'text/plain', given [*/*] and supported [text/plain, */*, application/json, application/*+json, application/yaml]
2026-06-08T20:08:03.300-06:00 DEBUG 9602 --- [smart-billing] [           main] o.s.w.s.m.m.a.HttpEntityMethodProcessor  : Writing ["Malformed JSON request"]
2026-06-08T20:08:03.301-06:00 DEBUG 9602 --- [smart-billing] [           main] .m.m.a.ExceptionHandlerExceptionResolver : Resolved [org.springframework.http.converter.HttpMessageNotReadableException: Required request body is missing: public org.springframework.http.ResponseEntity<com.smart.billing.app.dto.InvoiceResponseDTO> com.smart.billing.app.controller.InvoiceController.create(com.smart.billing.app.dto.InvoiceRequestDTO)]
]]></system-out>
  </testcase>
  <testcase name="getById_ShouldReturnInternalServerError_WhenServiceThrowsException" classname="InvoiceControllerTest Unit Tests" time="0.023">
    <system-out><![CDATA[2026-06-08T20:08:03.313-06:00 DEBUG 9602 --- [smart-billing] [           main] s.w.s.m.m.a.RequestMappingHandlerMapping : 5 mappings in org.springframework.web.servlet.mvc.method.annotation.RequestMappingHandlerMapping
2026-06-08T20:08:03.317-06:00 DEBUG 9602 --- [smart-billing] [           main] s.w.s.m.m.a.RequestMappingHandlerAdapter : ControllerAdvice beans: 0 @ModelAttribute, 0 @InitBinder, 1 RequestBodyAdvice, 1 ResponseBodyAdvice
2026-06-08T20:08:03.319-06:00 DEBUG 9602 --- [smart-billing] [           main] .m.m.a.ExceptionHandlerExceptionResolver : ControllerAdvice beans: 1 @ExceptionHandler, 1 ResponseBodyAdvice
2026-06-08T20:08:03.319-06:00  INFO 9602 --- [smart-billing] [           main] o.s.mock.web.MockServletContext          : Initializing Spring TestDispatcherServlet ''
2026-06-08T20:08:03.320-06:00  INFO 9602 --- [smart-billing] [           main] o.s.t.web.servlet.TestDispatcherServlet  : Initializing Servlet ''
2026-06-08T20:08:03.320-06:00  INFO 9602 --- [smart-billing] [           main] o.s.t.web.servlet.TestDispatcherServlet  : Completed initialization in 0 ms
2026-06-08T20:08:03.322-06:00 DEBUG 9602 --- [smart-billing] [           main] s.w.s.m.m.a.RequestMappingHandlerMapping : Mapped to com.smart.billing.app.controller.InvoiceController#getById(Integer)
2026-06-08T20:08:03.324-06:00 DEBUG 9602 --- [smart-billing] [           main] .m.m.a.ExceptionHandlerExceptionResolver : Using @ExceptionHandler com.smart.billing.app.exception.GlobalExceptionHandler#handleRuntimeException(RuntimeException)
2026-06-08T20:08:03.325-06:00 DEBUG 9602 --- [smart-billing] [           main] o.s.w.s.m.m.a.HttpEntityMethodProcessor  : Using 'text/plain', given [*/*] and supported [text/plain, */*, application/json, application/*+json, application/yaml]
2026-06-08T20:08:03.326-06:00 DEBUG 9602 --- [smart-billing] [           main] o.s.w.s.m.m.a.HttpEntityMethodProcessor  : Writing ["Internal error"]
2026-06-08T20:08:03.326-06:00 DEBUG 9602 --- [smart-billing] [           main] .m.m.a.ExceptionHandlerExceptionResolver : Resolved [java.lang.RuntimeException: Internal error]
]]></system-out>
  </testcase>
  <testcase name="getById_ShouldReturnNotFound_WhenResourceNotFound" classname="InvoiceControllerTest Unit Tests" time="0.028">
    <system-out><![CDATA[2026-06-08T20:08:03.338-06:00 DEBUG 9602 --- [smart-billing] [           main] s.w.s.m.m.a.RequestMappingHandlerMapping : 5 mappings in org.springframework.web.servlet.mvc.method.annotation.RequestMappingHandlerMapping
2026-06-08T20:08:03.341-06:00 DEBUG 9602 --- [smart-billing] [           main] s.w.s.m.m.a.RequestMappingHandlerAdapter : ControllerAdvice beans: 0 @ModelAttribute, 0 @InitBinder, 1 RequestBodyAdvice, 1 ResponseBodyAdvice
2026-06-08T20:08:03.342-06:00 DEBUG 9602 --- [smart-billing] [           main] .m.m.a.ExceptionHandlerExceptionResolver : ControllerAdvice beans: 1 @ExceptionHandler, 1 ResponseBodyAdvice
2026-06-08T20:08:03.343-06:00  INFO 9602 --- [smart-billing] [           main] o.s.mock.web.MockServletContext          : Initializing Spring TestDispatcherServlet ''
2026-06-08T20:08:03.343-06:00  INFO 9602 --- [smart-billing] [           main] o.s.t.web.servlet.TestDispatcherServlet  : Initializing Servlet ''
2026-06-08T20:08:03.343-06:00  INFO 9602 --- [smart-billing] [           main] o.s.t.web.servlet.TestDispatcherServlet  : Completed initialization in 0 ms
2026-06-08T20:08:03.346-06:00 DEBUG 9602 --- [smart-billing] [           main] s.w.s.m.m.a.RequestMappingHandlerMapping : Mapped to com.smart.billing.app.controller.InvoiceController#getById(Integer)
2026-06-08T20:08:03.348-06:00 DEBUG 9602 --- [smart-billing] [           main] .m.m.a.ExceptionHandlerExceptionResolver : Using @ExceptionHandler com.smart.billing.app.exception.GlobalExceptionHandler#handleNotFound(ResourceNotFoundException)
2026-06-08T20:08:03.353-06:00 DEBUG 9602 --- [smart-billing] [           main] o.s.w.s.m.m.a.HttpEntityMethodProcessor  : Using 'application/json', given [*/*] and supported [application/json, application/*+json, application/yaml]
2026-06-08T20:08:03.353-06:00 DEBUG 9602 --- [smart-billing] [           main] o.s.w.s.m.m.a.HttpEntityMethodProcessor  : Writing [ErrorResponse[timestamp=2026-06-08T20:08:03.348200143, Status=404, message=Invoice not found]]
2026-06-08T20:08:03.354-06:00 DEBUG 9602 --- [smart-billing] [           main] .m.m.a.ExceptionHandlerExceptionResolver : Resolved [com.smart.billing.app.exception.ResourceNotFoundException: Invoice not found]
]]></system-out>
  </testcase>
  <testcase name="delete_ShouldReturnNotFound_WhenResourceNotFound" classname="InvoiceControllerTest Unit Tests" time="0.031">
    <system-out><![CDATA[2026-06-08T20:08:03.372-06:00 DEBUG 9602 --- [smart-billing] [           main] s.w.s.m.m.a.RequestMappingHandlerMapping : 5 mappings in org.springframework.web.servlet.mvc.method.annotation.RequestMappingHandlerMapping
2026-06-08T20:08:03.378-06:00 DEBUG 9602 --- [smart-billing] [           main] s.w.s.m.m.a.RequestMappingHandlerAdapter : ControllerAdvice beans: 0 @ModelAttribute, 0 @InitBinder, 1 RequestBodyAdvice, 1 ResponseBodyAdvice
2026-06-08T20:08:03.379-06:00 DEBUG 9602 --- [smart-billing] [           main] .m.m.a.ExceptionHandlerExceptionResolver : ControllerAdvice beans: 1 @ExceptionHandler, 1 ResponseBodyAdvice
2026-06-08T20:08:03.379-06:00  INFO 9602 --- [smart-billing] [           main] o.s.mock.web.MockServletContext          : Initializing Spring TestDispatcherServlet ''
2026-06-08T20:08:03.379-06:00  INFO 9602 --- [smart-billing] [           main] o.s.t.web.servlet.TestDispatcherServlet  : Initializing Servlet ''
2026-06-08T20:08:03.379-06:00  INFO 9602 --- [smart-billing] [           main] o.s.t.web.servlet.TestDispatcherServlet  : Completed initialization in 0 ms
2026-06-08T20:08:03.381-06:00 DEBUG 9602 --- [smart-billing] [           main] s.w.s.m.m.a.RequestMappingHandlerMapping : Mapped to com.smart.billing.app.controller.InvoiceController#delete(Integer)
2026-06-08T20:08:03.382-06:00 DEBUG 9602 --- [smart-billing] [           main] .m.m.a.ExceptionHandlerExceptionResolver : Using @ExceptionHandler com.smart.billing.app.exception.GlobalExceptionHandler#handleNotFound(ResourceNotFoundException)
2026-06-08T20:08:03.386-06:00 DEBUG 9602 --- [smart-billing] [           main] o.s.w.s.m.m.a.HttpEntityMethodProcessor  : Using 'application/json', given [*/*] and supported [application/json, application/*+json, application/yaml]
2026-06-08T20:08:03.386-06:00 DEBUG 9602 --- [smart-billing] [           main] o.s.w.s.m.m.a.HttpEntityMethodProcessor  : Writing [ErrorResponse[timestamp=2026-06-08T20:08:03.383138815, Status=404, message=Invoice not found]]
2026-06-08T20:08:03.387-06:00 DEBUG 9602 --- [smart-billing] [           main] .m.m.a.ExceptionHandlerExceptionResolver : Resolved [com.smart.billing.app.exception.ResourceNotFoundException: Invoice not found]
]]></system-out>
  </testcase>
  <testcase name="update_ShouldReturnUpdatedInvoice_WhenSuccess" classname="InvoiceControllerTest Unit Tests" time="0.045">
    <system-out><![CDATA[2026-06-08T20:08:03.402-06:00 DEBUG 9602 --- [smart-billing] [           main] s.w.s.m.m.a.RequestMappingHandlerMapping : 5 mappings in org.springframework.web.servlet.mvc.method.annotation.RequestMappingHandlerMapping
2026-06-08T20:08:03.405-06:00 DEBUG 9602 --- [smart-billing] [           main] s.w.s.m.m.a.RequestMappingHandlerAdapter : ControllerAdvice beans: 0 @ModelAttribute, 0 @InitBinder, 1 RequestBodyAdvice, 1 ResponseBodyAdvice
2026-06-08T20:08:03.406-06:00 DEBUG 9602 --- [smart-billing] [           main] .m.m.a.ExceptionHandlerExceptionResolver : ControllerAdvice beans: 1 @ExceptionHandler, 1 ResponseBodyAdvice
2026-06-08T20:08:03.406-06:00  INFO 9602 --- [smart-billing] [           main] o.s.mock.web.MockServletContext          : Initializing Spring TestDispatcherServlet ''
2026-06-08T20:08:03.407-06:00  INFO 9602 --- [smart-billing] [           main] o.s.t.web.servlet.TestDispatcherServlet  : Initializing Servlet ''
2026-06-08T20:08:03.407-06:00  INFO 9602 --- [smart-billing] [           main] o.s.t.web.servlet.TestDispatcherServlet  : Completed initialization in 0 ms
2026-06-08T20:08:03.413-06:00 DEBUG 9602 --- [smart-billing] [           main] s.w.s.m.m.a.RequestMappingHandlerMapping : Mapped to com.smart.billing.app.controller.InvoiceController#update(Integer, InvoiceRequestDTO)
2026-06-08T20:08:03.418-06:00 DEBUG 9602 --- [smart-billing] [           main] m.m.a.RequestResponseBodyMethodProcessor : Read "application/json" to [InvoiceRequestDTO[contractId=1, invoiceNumber=INV-1001, issueDate=2024-02-01T00:00, dueDate=2024-02- (truncated)...]
2026-06-08T20:08:03.430-06:00 DEBUG 9602 --- [smart-billing] [           main] o.s.w.s.m.m.a.HttpEntityMethodProcessor  : Using 'application/json', given [*/*] and supported [application/json, application/*+json, application/yaml]
2026-06-08T20:08:03.431-06:00 DEBUG 9602 --- [smart-billing] [           main] o.s.w.s.m.m.a.HttpEntityMethodProcessor  : Writing [InvoiceResponseDTO[id=1, contractId=1, invoiceNumber=INV-1001, customerName=Service Contract, issueD (truncated)...]
]]></system-out>
  </testcase>
  <testcase name="delete_ShouldReturnInternalServerError_WhenServiceThrowsException" classname="InvoiceControllerTest Unit Tests" time="0.02">
    <system-out><![CDATA[2026-06-08T20:08:03.448-06:00 DEBUG 9602 --- [smart-billing] [           main] s.w.s.m.m.a.RequestMappingHandlerMapping : 5 mappings in org.springframework.web.servlet.mvc.method.annotation.RequestMappingHandlerMapping
2026-06-08T20:08:03.450-06:00 DEBUG 9602 --- [smart-billing] [           main] s.w.s.m.m.a.RequestMappingHandlerAdapter : ControllerAdvice beans: 0 @ModelAttribute, 0 @InitBinder, 1 RequestBodyAdvice, 1 ResponseBodyAdvice
2026-06-08T20:08:03.451-06:00 DEBUG 9602 --- [smart-billing] [           main] .m.m.a.ExceptionHandlerExceptionResolver : ControllerAdvice beans: 1 @ExceptionHandler, 1 ResponseBodyAdvice
2026-06-08T20:08:03.451-06:00  INFO 9602 --- [smart-billing] [           main] o.s.mock.web.MockServletContext          : Initializing Spring TestDispatcherServlet ''
2026-06-08T20:08:03.451-06:00  INFO 9602 --- [smart-billing] [           main] o.s.t.web.servlet.TestDispatcherServlet  : Initializing Servlet ''
2026-06-08T20:08:03.451-06:00  INFO 9602 --- [smart-billing] [           main] o.s.t.web.servlet.TestDispatcherServlet  : Completed initialization in 0 ms
2026-06-08T20:08:03.452-06:00 DEBUG 9602 --- [smart-billing] [           main] s.w.s.m.m.a.RequestMappingHandlerMapping : Mapped to com.smart.billing.app.controller.InvoiceController#delete(Integer)
2026-06-08T20:08:03.454-06:00 DEBUG 9602 --- [smart-billing] [           main] .m.m.a.ExceptionHandlerExceptionResolver : Using @ExceptionHandler com.smart.billing.app.exception.GlobalExceptionHandler#handleRuntimeException(RuntimeException)
2026-06-08T20:08:03.454-06:00 DEBUG 9602 --- [smart-billing] [           main] o.s.w.s.m.m.a.HttpEntityMethodProcessor  : Using 'text/plain', given [*/*] and supported [text/plain, */*, application/json, application/*+json, application/yaml]
2026-06-08T20:08:03.455-06:00 DEBUG 9602 --- [smart-billing] [           main] o.s.w.s.m.m.a.HttpEntityMethodProcessor  : Writing ["Internal error"]
2026-06-08T20:08:03.456-06:00 DEBUG 9602 --- [smart-billing] [           main] .m.m.a.ExceptionHandlerExceptionResolver : Resolved [java.lang.RuntimeException: Internal error]
]]></system-out>
  </testcase>
  <testcase name="getAll_ShouldReturnInternalServerError_WhenServiceThrowsException" classname="InvoiceControllerTest Unit Tests" time="0.02">
    <system-out><![CDATA[2026-06-08T20:08:03.468-06:00 DEBUG 9602 --- [smart-billing] [           main] s.w.s.m.m.a.RequestMappingHandlerMapping : 5 mappings in org.springframework.web.servlet.mvc.method.annotation.RequestMappingHandlerMapping
2026-06-08T20:08:03.471-06:00 DEBUG 9602 --- [smart-billing] [           main] s.w.s.m.m.a.RequestMappingHandlerAdapter : ControllerAdvice beans: 0 @ModelAttribute, 0 @InitBinder, 1 RequestBodyAdvice, 1 ResponseBodyAdvice
2026-06-08T20:08:03.472-06:00 DEBUG 9602 --- [smart-billing] [           main] .m.m.a.ExceptionHandlerExceptionResolver : ControllerAdvice beans: 1 @ExceptionHandler, 1 ResponseBodyAdvice
2026-06-08T20:08:03.472-06:00  INFO 9602 --- [smart-billing] [           main] o.s.mock.web.MockServletContext          : Initializing Spring TestDispatcherServlet ''
2026-06-08T20:08:03.472-06:00  INFO 9602 --- [smart-billing] [           main] o.s.t.web.servlet.TestDispatcherServlet  : Initializing Servlet ''
2026-06-08T20:08:03.472-06:00  INFO 9602 --- [smart-billing] [           main] o.s.t.web.servlet.TestDispatcherServlet  : Completed initialization in 0 ms
2026-06-08T20:08:03.473-06:00 DEBUG 9602 --- [smart-billing] [           main] s.w.s.m.m.a.RequestMappingHandlerMapping : Mapped to com.smart.billing.app.controller.InvoiceController#getAll()
2026-06-08T20:08:03.475-06:00 DEBUG 9602 --- [smart-billing] [           main] .m.m.a.ExceptionHandlerExceptionResolver : Using @ExceptionHandler com.smart.billing.app.exception.GlobalExceptionHandler#handleRuntimeException(RuntimeException)
2026-06-08T20:08:03.476-06:00 DEBUG 9602 --- [smart-billing] [           main] o.s.w.s.m.m.a.HttpEntityMethodProcessor  : Using 'text/plain', given [*/*] and supported [text/plain, */*, application/json, application/*+json, application/yaml]
2026-06-08T20:08:03.476-06:00 DEBUG 9602 --- [smart-billing] [           main] o.s.w.s.m.m.a.HttpEntityMethodProcessor  : Writing ["Internal error"]
2026-06-08T20:08:03.477-06:00 DEBUG 9602 --- [smart-billing] [           main] .m.m.a.ExceptionHandlerExceptionResolver : Resolved [java.lang.RuntimeException: Internal error]
]]></system-out>
  </testcase>
</testsuite>