<?xml version="1.0" encoding="UTF-8"?>
<testsuite xmlns:xsi="http://www.w3.org/2001/XMLSchema-instance" xsi:noNamespaceSchemaLocation="https://maven.apache.org/surefire/maven-surefire-plugin/xsd/surefire-test-report.xsd" version="3.0.2" name="com.smart.billing.app.controller.ContractControllerTest" time="1.426" tests="29" errors="0" skipped="0" failures="0" flakes="0">
  <properties>
[...]
</properties>
  <testcase name="updateContract_ShouldReturnNotFound_WhenResourceNotFound" classname="ContractControllerTest Unit Tests" time="0.284">
    <system-out><![CDATA[2026-06-08T20:08:00.498-06:00 DEBUG 9602 --- [smart-billing] [           main] s.w.s.m.m.a.RequestMappingHandlerMapping : 7 mappings in org.springframework.web.servlet.mvc.method.annotation.RequestMappingHandlerMapping
2026-06-08T20:08:00.503-06:00 DEBUG 9602 --- [smart-billing] [           main] s.w.s.m.m.a.RequestMappingHandlerAdapter : ControllerAdvice beans: 0 @ModelAttribute, 0 @InitBinder, 1 RequestBodyAdvice, 1 ResponseBodyAdvice
2026-06-08T20:08:00.505-06:00 DEBUG 9602 --- [smart-billing] [           main] .m.m.a.ExceptionHandlerExceptionResolver : ControllerAdvice beans: 1 @ExceptionHandler, 1 ResponseBodyAdvice
2026-06-08T20:08:00.507-06:00  INFO 9602 --- [smart-billing] [           main] o.s.mock.web.MockServletContext          : Initializing Spring TestDispatcherServlet ''
2026-06-08T20:08:00.507-06:00  INFO 9602 --- [smart-billing] [           main] o.s.t.web.servlet.TestDispatcherServlet  : Initializing Servlet ''
2026-06-08T20:08:00.510-06:00  INFO 9602 --- [smart-billing] [           main] o.s.t.web.servlet.TestDispatcherServlet  : Completed initialization in 0 ms
2026-06-08T20:08:00.541-06:00 DEBUG 9602 --- [smart-billing] [           main] s.w.s.m.m.a.RequestMappingHandlerMapping : Mapped to com.smart.billing.app.controller.ContractController#updateContract(Integer, ContractRequestDTO)
2026-06-08T20:08:00.562-06:00 DEBUG 9602 --- [smart-billing] [           main] m.m.a.RequestResponseBodyMethodProcessor : Read "application/json" to [ContractRequestDTO[customerId=1, title=Service Contract, startDate=2024-01-01, endDate=2024-12-31, m (truncated)...]
2026-06-08T20:08:00.582-06:00 DEBUG 9602 --- [smart-billing] [           main] .m.m.a.ExceptionHandlerExceptionResolver : Using @ExceptionHandler com.smart.billing.app.exception.GlobalExceptionHandler#handleNotFound(ResourceNotFoundException)
2026-06-08T20:08:00.587-06:00 DEBUG 9602 --- [smart-billing] [           main] o.s.w.s.m.m.a.HttpEntityMethodProcessor  : Using 'application/json', given [*/*] and supported [application/json, application/*+json, application/yaml]
2026-06-08T20:08:00.588-06:00 DEBUG 9602 --- [smart-billing] [           main] o.s.w.s.m.m.a.HttpEntityMethodProcessor  : Writing [ErrorResponse[timestamp=2026-06-08T20:08:00.582534659, Status=404, message=Contract not found]]
2026-06-08T20:08:00.589-06:00 DEBUG 9602 --- [smart-billing] [           main] .m.m.a.ExceptionHandlerExceptionResolver : Resolved [com.smart.billing.app.exception.ResourceNotFoundException: Contract not found]
]]></system-out>
  </testcase>
  <testcase name="getContractById_ShouldReturnBadRequest_WhenInvalidId" classname="ContractControllerTest Unit Tests" time="0.03">
    <system-out><![CDATA[2026-06-08T20:08:00.607-06:00 DEBUG 9602 --- [smart-billing] [           main] s.w.s.m.m.a.RequestMappingHandlerMapping : 7 mappings in org.springframework.web.servlet.mvc.method.annotation.RequestMappingHandlerMapping
2026-06-08T20:08:00.609-06:00 DEBUG 9602 --- [smart-billing] [           main] s.w.s.m.m.a.RequestMappingHandlerAdapter : ControllerAdvice beans: 0 @ModelAttribute, 0 @InitBinder, 1 RequestBodyAdvice, 1 ResponseBodyAdvice
2026-06-08T20:08:00.610-06:00 DEBUG 9602 --- [smart-billing] [           main] .m.m.a.ExceptionHandlerExceptionResolver : ControllerAdvice beans: 1 @ExceptionHandler, 1 ResponseBodyAdvice
2026-06-08T20:08:00.611-06:00  INFO 9602 --- [smart-billing] [           main] o.s.mock.web.MockServletContext          : Initializing Spring TestDispatcherServlet ''
2026-06-08T20:08:00.611-06:00  INFO 9602 --- [smart-billing] [           main] o.s.t.web.servlet.TestDispatcherServlet  : Initializing Servlet ''
2026-06-08T20:08:00.612-06:00  INFO 9602 --- [smart-billing] [           main] o.s.t.web.servlet.TestDispatcherServlet  : Completed initialization in 1 ms
2026-06-08T20:08:00.615-06:00 DEBUG 9602 --- [smart-billing] [           main] s.w.s.m.m.a.RequestMappingHandlerMapping : Mapped to com.smart.billing.app.controller.ContractController#getContractById(Integer)
2026-06-08T20:08:00.620-06:00 DEBUG 9602 --- [smart-billing] [           main] o.s.web.method.HandlerMethod             : Could not resolve parameter [0] in public org.springframework.http.ResponseEntity<com.smart.billing.app.dto.ContractResponseDTO> com.smart.billing.app.controller.ContractController.getContractById(java.lang.Integer): Method parameter 'id': Failed to convert value of type 'java.lang.String' to required type 'java.lang.Integer'; For input string: "abc"
2026-06-08T20:08:00.622-06:00 DEBUG 9602 --- [smart-billing] [           main] .m.m.a.ExceptionHandlerExceptionResolver : Using @ExceptionHandler com.smart.billing.app.exception.GlobalExceptionHandler#handleTypeMismatch(MethodArgumentTypeMismatchException)
2026-06-08T20:08:00.623-06:00 DEBUG 9602 --- [smart-billing] [           main] o.s.w.s.m.m.a.HttpEntityMethodProcessor  : Using 'text/plain', given [*/*] and supported [text/plain, */*, application/json, application/*+json, application/yaml]
2026-06-08T20:08:00.623-06:00 DEBUG 9602 --- [smart-billing] [           main] o.s.w.s.m.m.a.HttpEntityMethodProcessor  : Writing ["Invalid parameter type: abc"]
2026-06-08T20:08:00.623-06:00 DEBUG 9602 --- [smart-billing] [           main] .m.m.a.ExceptionHandlerExceptionResolver : Resolved [org.springframework.web.method.annotation.MethodArgumentTypeMismatchException: Method parameter 'id': Failed to convert value of type 'java.lang.String' to required type 'java.lang.Integer'; For input string: "abc"]
]]></system-out>
  </testcase>
  <testcase name="getContractsByCustomer_ShouldReturnEmptyList_WhenNoContractsFound" classname="ContractControllerTest Unit Tests" time="0.086">
    <system-out><![CDATA[2026-06-08T20:08:00.646-06:00 DEBUG 9602 --- [smart-billing] [           main] s.w.s.m.m.a.RequestMappingHandlerMapping : 7 mappings in org.springframework.web.servlet.mvc.method.annotation.RequestMappingHandlerMapping
2026-06-08T20:08:00.651-06:00 DEBUG 9602 --- [smart-billing] [           main] s.w.s.m.m.a.RequestMappingHandlerAdapter : ControllerAdvice beans: 0 @ModelAttribute, 0 @InitBinder, 1 RequestBodyAdvice, 1 ResponseBodyAdvice
2026-06-08T20:08:00.653-06:00 DEBUG 9602 --- [smart-billing] [           main] .m.m.a.ExceptionHandlerExceptionResolver : ControllerAdvice beans: 1 @ExceptionHandler, 1 ResponseBodyAdvice
2026-06-08T20:08:00.654-06:00  INFO 9602 --- [smart-billing] [           main] o.s.mock.web.MockServletContext          : Initializing Spring TestDispatcherServlet ''
2026-06-08T20:08:00.654-06:00  INFO 9602 --- [smart-billing] [           main] o.s.t.web.servlet.TestDispatcherServlet  : Initializing Servlet ''
2026-06-08T20:08:00.654-06:00  INFO 9602 --- [smart-billing] [           main] o.s.t.web.servlet.TestDispatcherServlet  : Completed initialization in 0 ms
2026-06-08T20:08:00.659-06:00 DEBUG 9602 --- [smart-billing] [           main] s.w.s.m.m.a.RequestMappingHandlerMapping : Mapped to com.smart.billing.app.controller.ContractController#getContractsByCustomer(Integer)
2026-06-08T20:08:00.674-06:00 DEBUG 9602 --- [smart-billing] [           main] o.s.w.s.m.m.a.HttpEntityMethodProcessor  : Using 'application/json', given [*/*] and supported [application/json, application/*+json, application/yaml]
2026-06-08T20:08:00.674-06:00 DEBUG 9602 --- [smart-billing] [           main] o.s.w.s.m.m.a.HttpEntityMethodProcessor  : Writing [[]]
]]></system-out>
  </testcase>
  <testcase name="createContract_ShouldReturnBadRequest_WhenMalformedJson" classname="ContractControllerTest Unit Tests" time="0.039">
    <system-out><![CDATA[2026-06-08T20:08:00.734-06:00 DEBUG 9602 --- [smart-billing] [           main] s.w.s.m.m.a.RequestMappingHandlerMapping : 7 mappings in org.springframework.web.servlet.mvc.method.annotation.RequestMappingHandlerMapping
2026-06-08T20:08:00.739-06:00 DEBUG 9602 --- [smart-billing] [           main] s.w.s.m.m.a.RequestMappingHandlerAdapter : ControllerAdvice beans: 0 @ModelAttribute, 0 @InitBinder, 1 RequestBodyAdvice, 1 ResponseBodyAdvice
2026-06-08T20:08:00.740-06:00 DEBUG 9602 --- [smart-billing] [           main] .m.m.a.ExceptionHandlerExceptionResolver : ControllerAdvice beans: 1 @ExceptionHandler, 1 ResponseBodyAdvice
2026-06-08T20:08:00.741-06:00  INFO 9602 --- [smart-billing] [           main] o.s.mock.web.MockServletContext          : Initializing Spring TestDispatcherServlet ''
2026-06-08T20:08:00.741-06:00  INFO 9602 --- [smart-billing] [           main] o.s.t.web.servlet.TestDispatcherServlet  : Initializing Servlet ''
2026-06-08T20:08:00.742-06:00  INFO 9602 --- [smart-billing] [           main] o.s.t.web.servlet.TestDispatcherServlet  : Completed initialization in 1 ms
2026-06-08T20:08:00.743-06:00 DEBUG 9602 --- [smart-billing] [           main] s.w.s.m.m.a.RequestMappingHandlerMapping : Mapped to com.smart.billing.app.controller.ContractController#createContract(ContractRequestDTO)
2026-06-08T20:08:00.747-06:00 DEBUG 9602 --- [smart-billing] [           main] o.s.web.method.HandlerMethod             : Could not resolve parameter [0] in public org.springframework.http.ResponseEntity<com.smart.billing.app.dto.ContractResponseDTO> com.smart.billing.app.controller.ContractController.createContract(com.smart.billing.app.dto.ContractRequestDTO): JSON parse error: Unexpected character ('i' (code 105)): was expecting double-quote to start field name
2026-06-08T20:08:00.748-06:00 DEBUG 9602 --- [smart-billing] [           main] .m.m.a.ExceptionHandlerExceptionResolver : Using @ExceptionHandler com.smart.billing.app.exception.GlobalExceptionHandler#handleInvalidJson(HttpMessageNotReadableException)
2026-06-08T20:08:00.749-06:00 DEBUG 9602 --- [smart-billing] [           main] o.s.w.s.m.m.a.HttpEntityMethodProcessor  : Using 'text/plain', given [*/*] and supported [text/plain, */*, application/json, application/*+json, application/yaml]
2026-06-08T20:08:00.749-06:00 DEBUG 9602 --- [smart-billing] [           main] o.s.w.s.m.m.a.HttpEntityMethodProcessor  : Writing ["Malformed JSON request"]
2026-06-08T20:08:00.750-06:00 DEBUG 9602 --- [smart-billing] [           main] .m.m.a.ExceptionHandlerExceptionResolver : Resolved [org.springframework.http.converter.HttpMessageNotReadableException: JSON parse error: Unexpected character ('i' (code 105)): was expecting double-quote to start field name]
]]></system-out>
  </testcase>
  <testcase name="getAll_ShouldReturnListOfContracts_WhenSuccess" classname="ContractControllerTest Unit Tests" time="0.083">
    <system-out><![CDATA[2026-06-08T20:08:00.782-06:00 DEBUG 9602 --- [smart-billing] [           main] s.w.s.m.m.a.RequestMappingHandlerMapping : 7 mappings in org.springframework.web.servlet.mvc.method.annotation.RequestMappingHandlerMapping
2026-06-08T20:08:00.788-06:00 DEBUG 9602 --- [smart-billing] [           main] s.w.s.m.m.a.RequestMappingHandlerAdapter : ControllerAdvice beans: 0 @ModelAttribute, 0 @InitBinder, 1 RequestBodyAdvice, 1 ResponseBodyAdvice
2026-06-08T20:08:00.789-06:00 DEBUG 9602 --- [smart-billing] [           main] .m.m.a.ExceptionHandlerExceptionResolver : ControllerAdvice beans: 1 @ExceptionHandler, 1 ResponseBodyAdvice
2026-06-08T20:08:00.790-06:00  INFO 9602 --- [smart-billing] [           main] o.s.mock.web.MockServletContext          : Initializing Spring TestDispatcherServlet ''
2026-06-08T20:08:00.790-06:00  INFO 9602 --- [smart-billing] [           main] o.s.t.web.servlet.TestDispatcherServlet  : Initializing Servlet ''
2026-06-08T20:08:00.790-06:00  INFO 9602 --- [smart-billing] [           main] o.s.t.web.servlet.TestDispatcherServlet  : Completed initialization in 0 ms
2026-06-08T20:08:00.793-06:00 DEBUG 9602 --- [smart-billing] [           main] s.w.s.m.m.a.RequestMappingHandlerMapping : Mapped to com.smart.billing.app.controller.ContractController#getAll()
2026-06-08T20:08:00.801-06:00 DEBUG 9602 --- [smart-billing] [           main] o.s.w.s.m.m.a.HttpEntityMethodProcessor  : Using 'application/json', given [*/*] and supported [application/json, application/*+json, application/yaml]
2026-06-08T20:08:00.822-06:00 DEBUG 9602 --- [smart-billing] [           main] o.s.w.s.m.m.a.HttpEntityMethodProcessor  : Writing [[ContractResponseDTO[id=1, customerId=1, customerName=John Doe, title=Service Contract, startDate=20 (truncated)...]
]]></system-out>
  </testcase>
  <testcase name="updateContract_ShouldReturnBadRequest_WhenValidationFails" classname="ContractControllerTest Unit Tests" time="0.053">
    <system-out><![CDATA[2026-06-08T20:08:00.851-06:00 DEBUG 9602 --- [smart-billing] [           main] s.w.s.m.m.a.RequestMappingHandlerMapping : 7 mappings in org.springframework.web.servlet.mvc.method.annotation.RequestMappingHandlerMapping
2026-06-08T20:08:00.856-06:00 DEBUG 9602 --- [smart-billing] [           main] s.w.s.m.m.a.RequestMappingHandlerAdapter : ControllerAdvice beans: 0 @ModelAttribute, 0 @InitBinder, 1 RequestBodyAdvice, 1 ResponseBodyAdvice
2026-06-08T20:08:00.857-06:00 DEBUG 9602 --- [smart-billing] [           main] .m.m.a.ExceptionHandlerExceptionResolver : ControllerAdvice beans: 1 @ExceptionHandler, 1 ResponseBodyAdvice
2026-06-08T20:08:00.857-06:00  INFO 9602 --- [smart-billing] [           main] o.s.mock.web.MockServletContext          : Initializing Spring TestDispatcherServlet ''
2026-06-08T20:08:00.858-06:00  INFO 9602 --- [smart-billing] [           main] o.s.t.web.servlet.TestDispatcherServlet  : Initializing Servlet ''
2026-06-08T20:08:00.858-06:00  INFO 9602 --- [smart-billing] [           main] o.s.t.web.servlet.TestDispatcherServlet  : Completed initialization in 0 ms
2026-06-08T20:08:00.864-06:00 DEBUG 9602 --- [smart-billing] [           main] s.w.s.m.m.a.RequestMappingHandlerMapping : Mapped to com.smart.billing.app.controller.ContractController#updateContract(Integer, ContractRequestDTO)
2026-06-08T20:08:00.873-06:00 DEBUG 9602 --- [smart-billing] [           main] m.m.a.RequestResponseBodyMethodProcessor : Read "application/json" to [ContractRequestDTO[customerId=null, title=, startDate=null, endDate=null, monthlyFee=null, currency= (truncated)...]
2026-06-08T20:08:00.884-06:00 DEBUG 9602 --- [smart-billing] [           main] .m.m.a.ExceptionHandlerExceptionResolver : Using @ExceptionHandler com.smart.billing.app.exception.GlobalExceptionHandler#handleGeneric(Exception)
2026-06-08T20:08:00.889-06:00 DEBUG 9602 --- [smart-billing] [           main] o.s.w.s.m.m.a.HttpEntityMethodProcessor  : Using 'application/json', given [*/*] and supported [application/json, application/*+json, application/yaml]
2026-06-08T20:08:00.889-06:00 DEBUG 9602 --- [smart-billing] [           main] o.s.w.s.m.m.a.HttpEntityMethodProcessor  : Writing [ErrorResponse[timestamp=2026-06-08T20:08:00.885060680, Status=400, message=Validation failed for arg (truncated)...]
2026-06-08T20:08:00.891-06:00 DEBUG 9602 --- [smart-billing] [           main] .m.m.a.ExceptionHandlerExceptionResolver : Resolved [org.springframework.web.bind.MethodArgumentNotValidException: Validation failed for argument [1] in public org.springframework.http.ResponseEntity<com.smart.billing.app.dto.ContractResponseDTO> com.smart.billing.app.controller.ContractController.updateContract(java.lang.Integer,com.smart.billing.app.dto.ContractRequestDTO) with 3 errors: [Field error in object 'contractRequestDTO' on field 'startDate': rejected value [null]; codes [NotNull.contractRequestDTO.startDate,NotNull.startDate,NotNull.java.time.LocalDate,NotNull]; arguments [org.springframework.context.support.DefaultMessageSourceResolvable: codes [contractRequestDTO.startDate,startDate]; arguments []; default message [startDate]]; default message [Start date is required]] [Field error in object 'contractRequestDTO' on field 'monthlyFee': rejected value [null]; codes [NotNull.contractRequestDTO.monthlyFee,NotNull.monthlyFee,NotNull.java.math.BigDecimal,NotNull]; arguments [org.springframework.context.support.DefaultMessageSourceResolvable: codes [contractRequestDTO.monthlyFee,monthlyFee]; arguments []; default message [monthlyFee]]; default message [Monthly fee is required]] [Field error in object 'contractRequestDTO' on field 'customerId': rejected value [null]; codes [NotNull.contractRequestDTO.customerId,NotNull.customerId,NotNull.java.lang.Integer,NotNull]; arguments [org.springframework.context.support.DefaultMessageSourceResolvable: codes [contractRequestDTO.customerId,customerId]; arguments []; default message [customerId]]; default message [Customer ID is required]] ]
]]></system-out>
  </testcase>
  <testcase name="deleteContract_ShouldReturnNotFound_WhenResourceNotFound" classname="ContractControllerTest Unit Tests" time="0.038">
    <system-out><![CDATA[2026-06-08T20:08:00.904-06:00 DEBUG 9602 --- [smart-billing] [           main] s.w.s.m.m.a.RequestMappingHandlerMapping : 7 mappings in org.springframework.web.servlet.mvc.method.annotation.RequestMappingHandlerMapping
2026-06-08T20:08:00.907-06:00 DEBUG 9602 --- [smart-billing] [           main] s.w.s.m.m.a.RequestMappingHandlerAdapter : ControllerAdvice beans: 0 @ModelAttribute, 0 @InitBinder, 1 RequestBodyAdvice, 1 ResponseBodyAdvice
2026-06-08T20:08:00.909-06:00 DEBUG 9602 --- [smart-billing] [           main] .m.m.a.ExceptionHandlerExceptionResolver : ControllerAdvice beans: 1 @ExceptionHandler, 1 ResponseBodyAdvice
2026-06-08T20:08:00.910-06:00  INFO 9602 --- [smart-billing] [           main] o.s.mock.web.MockServletContext          : Initializing Spring TestDispatcherServlet ''
2026-06-08T20:08:00.910-06:00  INFO 9602 --- [smart-billing] [           main] o.s.t.web.servlet.TestDispatcherServlet  : Initializing Servlet ''
2026-06-08T20:08:00.911-06:00  INFO 9602 --- [smart-billing] [           main] o.s.t.web.servlet.TestDispatcherServlet  : Completed initialization in 0 ms
2026-06-08T20:08:00.916-06:00 DEBUG 9602 --- [smart-billing] [           main] s.w.s.m.m.a.RequestMappingHandlerMapping : Mapped to com.smart.billing.app.controller.ContractController#deleteContract(Integer)
2026-06-08T20:08:00.920-06:00 DEBUG 9602 --- [smart-billing] [           main] .m.m.a.ExceptionHandlerExceptionResolver : Using @ExceptionHandler com.smart.billing.app.exception.GlobalExceptionHandler#handleNotFound(ResourceNotFoundException)
2026-06-08T20:08:00.926-06:00 DEBUG 9602 --- [smart-billing] [           main] o.s.w.s.m.m.a.HttpEntityMethodProcessor  : Using 'application/json', given [*/*] and supported [application/json, application/*+json, application/yaml]
2026-06-08T20:08:00.927-06:00 DEBUG 9602 --- [smart-billing] [           main] o.s.w.s.m.m.a.HttpEntityMethodProcessor  : Writing [ErrorResponse[timestamp=2026-06-08T20:08:00.920674695, Status=404, message=Contract not found]]
2026-06-08T20:08:00.928-06:00 DEBUG 9602 --- [smart-billing] [           main] .m.m.a.ExceptionHandlerExceptionResolver : Resolved [com.smart.billing.app.exception.ResourceNotFoundException: Contract not found]
]]></system-out>
  </testcase>
  <testcase name="updateContract_ShouldReturnBadRequest_WhenMalformedJson" classname="ContractControllerTest Unit Tests" time="0.036">
    <system-out><![CDATA[2026-06-08T20:08:00.948-06:00 DEBUG 9602 --- [smart-billing] [           main] s.w.s.m.m.a.RequestMappingHandlerMapping : 7 mappings in org.springframework.web.servlet.mvc.method.annotation.RequestMappingHandlerMapping
2026-06-08T20:08:00.953-06:00 DEBUG 9602 --- [smart-billing] [           main] s.w.s.m.m.a.RequestMappingHandlerAdapter : ControllerAdvice beans: 0 @ModelAttribute, 0 @InitBinder, 1 RequestBodyAdvice, 1 ResponseBodyAdvice
2026-06-08T20:08:00.954-06:00 DEBUG 9602 --- [smart-billing] [           main] .m.m.a.ExceptionHandlerExceptionResolver : ControllerAdvice beans: 1 @ExceptionHandler, 1 ResponseBodyAdvice
2026-06-08T20:08:00.955-06:00  INFO 9602 --- [smart-billing] [           main] o.s.mock.web.MockServletContext          : Initializing Spring TestDispatcherServlet ''
2026-06-08T20:08:00.955-06:00  INFO 9602 --- [smart-billing] [           main] o.s.t.web.servlet.TestDispatcherServlet  : Initializing Servlet ''
2026-06-08T20:08:00.955-06:00  INFO 9602 --- [smart-billing] [           main] o.s.t.web.servlet.TestDispatcherServlet  : Completed initialization in 0 ms
2026-06-08T20:08:00.958-06:00 DEBUG 9602 --- [smart-billing] [           main] s.w.s.m.m.a.RequestMappingHandlerMapping : Mapped to com.smart.billing.app.controller.ContractController#updateContract(Integer, ContractRequestDTO)
2026-06-08T20:08:00.964-06:00 DEBUG 9602 --- [smart-billing] [           main] o.s.web.method.HandlerMethod             : Could not resolve parameter [1] in public org.springframework.http.ResponseEntity<com.smart.billing.app.dto.ContractResponseDTO> com.smart.billing.app.controller.ContractController.updateContract(java.lang.Integer,com.smart.billing.app.dto.ContractRequestDTO): JSON parse error: Unexpected character ('i' (code 105)): was expecting double-quote to start field name
2026-06-08T20:08:00.965-06:00 DEBUG 9602 --- [smart-billing] [           main] .m.m.a.ExceptionHandlerExceptionResolver : Using @ExceptionHandler com.smart.billing.app.exception.GlobalExceptionHandler#handleInvalidJson(HttpMessageNotReadableException)
2026-06-08T20:08:00.966-06:00 DEBUG 9602 --- [smart-billing] [           main] o.s.w.s.m.m.a.HttpEntityMethodProcessor  : Using 'text/plain', given [*/*] and supported [text/plain, */*, application/json, application/*+json, application/yaml]
2026-06-08T20:08:00.966-06:00 DEBUG 9602 --- [smart-billing] [           main] o.s.w.s.m.m.a.HttpEntityMethodProcessor  : Writing ["Malformed JSON request"]
2026-06-08T20:08:00.966-06:00 DEBUG 9602 --- [smart-billing] [           main] .m.m.a.ExceptionHandlerExceptionResolver : Resolved [org.springframework.http.converter.HttpMessageNotReadableException: JSON parse error: Unexpected character ('i' (code 105)): was expecting double-quote to start field name]
]]></system-out>
  </testcase>
  <testcase name="getContractById_ShouldReturnInternalServerError_WhenServiceThrowsException" classname="ContractControllerTest Unit Tests" time="0.036">
    <system-out><![CDATA[2026-06-08T20:08:00.990-06:00 DEBUG 9602 --- [smart-billing] [           main] s.w.s.m.m.a.RequestMappingHandlerMapping : 7 mappings in org.springframework.web.servlet.mvc.method.annotation.RequestMappingHandlerMapping
2026-06-08T20:08:00.992-06:00 DEBUG 9602 --- [smart-billing] [           main] s.w.s.m.m.a.RequestMappingHandlerAdapter : ControllerAdvice beans: 0 @ModelAttribute, 0 @InitBinder, 1 RequestBodyAdvice, 1 ResponseBodyAdvice
2026-06-08T20:08:00.993-06:00 DEBUG 9602 --- [smart-billing] [           main] .m.m.a.ExceptionHandlerExceptionResolver : ControllerAdvice beans: 1 @ExceptionHandler, 1 ResponseBodyAdvice
2026-06-08T20:08:00.994-06:00  INFO 9602 --- [smart-billing] [           main] o.s.mock.web.MockServletContext          : Initializing Spring TestDispatcherServlet ''
2026-06-08T20:08:00.994-06:00  INFO 9602 --- [smart-billing] [           main] o.s.t.web.servlet.TestDispatcherServlet  : Initializing Servlet ''
2026-06-08T20:08:00.994-06:00  INFO 9602 --- [smart-billing] [           main] o.s.t.web.servlet.TestDispatcherServlet  : Completed initialization in 0 ms
2026-06-08T20:08:00.997-06:00 DEBUG 9602 --- [smart-billing] [           main] s.w.s.m.m.a.RequestMappingHandlerMapping : Mapped to com.smart.billing.app.controller.ContractController#getContractById(Integer)
2026-06-08T20:08:01.000-06:00 DEBUG 9602 --- [smart-billing] [           main] .m.m.a.ExceptionHandlerExceptionResolver : Using @ExceptionHandler com.smart.billing.app.exception.GlobalExceptionHandler#handleRuntimeException(RuntimeException)
2026-06-08T20:08:01.001-06:00 DEBUG 9602 --- [smart-billing] [           main] o.s.w.s.m.m.a.HttpEntityMethodProcessor  : Using 'text/plain', given [*/*] and supported [text/plain, */*, application/json, application/*+json, application/yaml]
2026-06-08T20:08:01.001-06:00 DEBUG 9602 --- [smart-billing] [           main] o.s.w.s.m.m.a.HttpEntityMethodProcessor  : Writing ["Internal error"]
2026-06-08T20:08:01.002-06:00 DEBUG 9602 --- [smart-billing] [           main] .m.m.a.ExceptionHandlerExceptionResolver : Resolved [java.lang.RuntimeException: Internal error]
]]></system-out>
  </testcase>
  <testcase name="getContractsByStatus_ShouldReturnInternalServerError_WhenServiceThrowsException" classname="ContractControllerTest Unit Tests" time="0.038">
    <system-out><![CDATA[2026-06-08T20:08:01.027-06:00 DEBUG 9602 --- [smart-billing] [           main] s.w.s.m.m.a.RequestMappingHandlerMapping : 7 mappings in org.springframework.web.servlet.mvc.method.annotation.RequestMappingHandlerMapping
2026-06-08T20:08:01.032-06:00 DEBUG 9602 --- [smart-billing] [           main] s.w.s.m.m.a.RequestMappingHandlerAdapter : ControllerAdvice beans: 0 @ModelAttribute, 0 @InitBinder, 1 RequestBodyAdvice, 1 ResponseBodyAdvice
2026-06-08T20:08:01.034-06:00 DEBUG 9602 --- [smart-billing] [           main] .m.m.a.ExceptionHandlerExceptionResolver : ControllerAdvice beans: 1 @ExceptionHandler, 1 ResponseBodyAdvice
2026-06-08T20:08:01.034-06:00  INFO 9602 --- [smart-billing] [           main] o.s.mock.web.MockServletContext          : Initializing Spring TestDispatcherServlet ''
2026-06-08T20:08:01.034-06:00  INFO 9602 --- [smart-billing] [           main] o.s.t.web.servlet.TestDispatcherServlet  : Initializing Servlet ''
2026-06-08T20:08:01.035-06:00  INFO 9602 --- [smart-billing] [           main] o.s.t.web.servlet.TestDispatcherServlet  : Completed initialization in 1 ms
2026-06-08T20:08:01.037-06:00 DEBUG 9602 --- [smart-billing] [           main] s.w.s.m.m.a.RequestMappingHandlerMapping : Mapped to com.smart.billing.app.controller.ContractController#getContractsByStatus(String)
2026-06-08T20:08:01.040-06:00 DEBUG 9602 --- [smart-billing] [           main] .m.m.a.ExceptionHandlerExceptionResolver : Using @ExceptionHandler com.smart.billing.app.exception.GlobalExceptionHandler#handleRuntimeException(RuntimeException)
2026-06-08T20:08:01.041-06:00 DEBUG 9602 --- [smart-billing] [           main] o.s.w.s.m.m.a.HttpEntityMethodProcessor  : Using 'text/plain', given [*/*] and supported [text/plain, */*, application/json, application/*+json, application/yaml]
2026-06-08T20:08:01.042-06:00 DEBUG 9602 --- [smart-billing] [           main] o.s.w.s.m.m.a.HttpEntityMethodProcessor  : Writing ["Internal error"]
2026-06-08T20:08:01.042-06:00 DEBUG 9602 --- [smart-billing] [           main] .m.m.a.ExceptionHandlerExceptionResolver : Resolved [java.lang.RuntimeException: Internal error]
]]></system-out>
  </testcase>
  <testcase name="deleteContract_ShouldReturnNoContent_WhenSuccess" classname="ContractControllerTest Unit Tests" time="0.03">
    <system-out><![CDATA[2026-06-08T20:08:01.062-06:00 DEBUG 9602 --- [smart-billing] [           main] s.w.s.m.m.a.RequestMappingHandlerMapping : 7 mappings in org.springframework.web.servlet.mvc.method.annotation.RequestMappingHandlerMapping
2026-06-08T20:08:01.067-06:00 DEBUG 9602 --- [smart-billing] [           main] s.w.s.m.m.a.RequestMappingHandlerAdapter : ControllerAdvice beans: 0 @ModelAttribute, 0 @InitBinder, 1 RequestBodyAdvice, 1 ResponseBodyAdvice
2026-06-08T20:08:01.068-06:00 DEBUG 9602 --- [smart-billing] [           main] .m.m.a.ExceptionHandlerExceptionResolver : ControllerAdvice beans: 1 @ExceptionHandler, 1 ResponseBodyAdvice
2026-06-08T20:08:01.069-06:00  INFO 9602 --- [smart-billing] [           main] o.s.mock.web.MockServletContext          : Initializing Spring TestDispatcherServlet ''
2026-06-08T20:08:01.069-06:00  INFO 9602 --- [smart-billing] [           main] o.s.t.web.servlet.TestDispatcherServlet  : Initializing Servlet ''
2026-06-08T20:08:01.069-06:00  INFO 9602 --- [smart-billing] [           main] o.s.t.web.servlet.TestDispatcherServlet  : Completed initialization in 0 ms
2026-06-08T20:08:01.072-06:00 DEBUG 9602 --- [smart-billing] [           main] s.w.s.m.m.a.RequestMappingHandlerMapping : Mapped to com.smart.billing.app.controller.ContractController#deleteContract(Integer)
2026-06-08T20:08:01.075-06:00 DEBUG 9602 --- [smart-billing] [           main] o.s.w.s.m.m.a.HttpEntityMethodProcessor  : Using 'application/json', given [*/*] and supported [application/json, application/*+json, application/yaml]
2026-06-08T20:08:01.075-06:00 DEBUG 9602 --- [smart-billing] [           main] o.s.w.s.m.m.a.HttpEntityMethodProcessor  : Nothing to write: null body
]]></system-out>
  </testcase>
  <testcase name="getContractById_ShouldReturnNotFound_WhenResourceNotFound" classname="ContractControllerTest Unit Tests" time="0.032">
    <system-out><![CDATA[2026-06-08T20:08:01.092-06:00 DEBUG 9602 --- [smart-billing] [           main] s.w.s.m.m.a.RequestMappingHandlerMapping : 7 mappings in org.springframework.web.servlet.mvc.method.annotation.RequestMappingHandlerMapping
2026-06-08T20:08:01.096-06:00 DEBUG 9602 --- [smart-billing] [           main] s.w.s.m.m.a.RequestMappingHandlerAdapter : ControllerAdvice beans: 0 @ModelAttribute, 0 @InitBinder, 1 RequestBodyAdvice, 1 ResponseBodyAdvice
2026-06-08T20:08:01.097-06:00 DEBUG 9602 --- [smart-billing] [           main] .m.m.a.ExceptionHandlerExceptionResolver : ControllerAdvice beans: 1 @ExceptionHandler, 1 ResponseBodyAdvice
2026-06-08T20:08:01.097-06:00  INFO 9602 --- [smart-billing] [           main] o.s.mock.web.MockServletContext          : Initializing Spring TestDispatcherServlet ''
2026-06-08T20:08:01.097-06:00  INFO 9602 --- [smart-billing] [           main] o.s.t.web.servlet.TestDispatcherServlet  : Initializing Servlet ''
2026-06-08T20:08:01.098-06:00  INFO 9602 --- [smart-billing] [           main] o.s.t.web.servlet.TestDispatcherServlet  : Completed initialization in 0 ms
2026-06-08T20:08:01.100-06:00 DEBUG 9602 --- [smart-billing] [           main] s.w.s.m.m.a.RequestMappingHandlerMapping : Mapped to com.smart.billing.app.controller.ContractController#getContractById(Integer)
2026-06-08T20:08:01.103-06:00 DEBUG 9602 --- [smart-billing] [           main] .m.m.a.ExceptionHandlerExceptionResolver : Using @ExceptionHandler com.smart.billing.app.exception.GlobalExceptionHandler#handleNotFound(ResourceNotFoundException)
2026-06-08T20:08:01.107-06:00 DEBUG 9602 --- [smart-billing] [           main] o.s.w.s.m.m.a.HttpEntityMethodProcessor  : Using 'application/json', given [*/*] and supported [application/json, application/*+json, application/yaml]
2026-06-08T20:08:01.107-06:00 DEBUG 9602 --- [smart-billing] [           main] o.s.w.s.m.m.a.HttpEntityMethodProcessor  : Writing [ErrorResponse[timestamp=2026-06-08T20:08:01.103910450, Status=404, message=Contract not found]]
2026-06-08T20:08:01.108-06:00 DEBUG 9602 --- [smart-billing] [           main] .m.m.a.ExceptionHandlerExceptionResolver : Resolved [com.smart.billing.app.exception.ResourceNotFoundException: Contract not found]
]]></system-out>
  </testcase>
  <testcase name="createContract_ShouldReturnInternalServerError_WhenServiceThrowsException" classname="ContractControllerTest Unit Tests" time="0.047">
    <system-out><![CDATA[2026-06-08T20:08:01.125-06:00 DEBUG 9602 --- [smart-billing] [           main] s.w.s.m.m.a.RequestMappingHandlerMapping : 7 mappings in org.springframework.web.servlet.mvc.method.annotation.RequestMappingHandlerMapping
2026-06-08T20:08:01.129-06:00 DEBUG 9602 --- [smart-billing] [           main] s.w.s.m.m.a.RequestMappingHandlerAdapter : ControllerAdvice beans: 0 @ModelAttribute, 0 @InitBinder, 1 RequestBodyAdvice, 1 ResponseBodyAdvice
2026-06-08T20:08:01.131-06:00 DEBUG 9602 --- [smart-billing] [           main] .m.m.a.ExceptionHandlerExceptionResolver : ControllerAdvice beans: 1 @ExceptionHandler, 1 ResponseBodyAdvice
2026-06-08T20:08:01.132-06:00  INFO 9602 --- [smart-billing] [           main] o.s.mock.web.MockServletContext          : Initializing Spring TestDispatcherServlet ''
2026-06-08T20:08:01.132-06:00  INFO 9602 --- [smart-billing] [           main] o.s.t.web.servlet.TestDispatcherServlet  : Initializing Servlet ''
2026-06-08T20:08:01.132-06:00  INFO 9602 --- [smart-billing] [           main] o.s.t.web.servlet.TestDispatcherServlet  : Completed initialization in 0 ms
2026-06-08T20:08:01.137-06:00 DEBUG 9602 --- [smart-billing] [           main] s.w.s.m.m.a.RequestMappingHandlerMapping : Mapped to com.smart.billing.app.controller.ContractController#createContract(ContractRequestDTO)
2026-06-08T20:08:01.142-06:00 DEBUG 9602 --- [smart-billing] [           main] m.m.a.RequestResponseBodyMethodProcessor : Read "application/json" to [ContractRequestDTO[customerId=1, title=Service Contract, startDate=2024-01-01, endDate=2024-12-31, m (truncated)...]
2026-06-08T20:08:01.155-06:00 DEBUG 9602 --- [smart-billing] [           main] .m.m.a.ExceptionHandlerExceptionResolver : Using @ExceptionHandler com.smart.billing.app.exception.GlobalExceptionHandler#handleRuntimeException(RuntimeException)
2026-06-08T20:08:01.156-06:00 DEBUG 9602 --- [smart-billing] [           main] o.s.w.s.m.m.a.HttpEntityMethodProcessor  : Using 'text/plain', given [*/*] and supported [text/plain, */*, application/json, application/*+json, application/yaml]
2026-06-08T20:08:01.156-06:00 DEBUG 9602 --- [smart-billing] [           main] o.s.w.s.m.m.a.HttpEntityMethodProcessor  : Writing ["Internal error"]
2026-06-08T20:08:01.156-06:00 DEBUG 9602 --- [smart-billing] [           main] .m.m.a.ExceptionHandlerExceptionResolver : Resolved [java.lang.RuntimeException: Internal error]
]]></system-out>
  </testcase>
  <testcase name="updateContract_ShouldReturnBadRequest_WhenInvalidId" classname="ContractControllerTest Unit Tests" time="0.036">
    <system-out><![CDATA[2026-06-08T20:08:01.172-06:00 DEBUG 9602 --- [smart-billing] [           main] s.w.s.m.m.a.RequestMappingHandlerMapping : 7 mappings in org.springframework.web.servlet.mvc.method.annotation.RequestMappingHandlerMapping
2026-06-08T20:08:01.176-06:00 DEBUG 9602 --- [smart-billing] [           main] s.w.s.m.m.a.RequestMappingHandlerAdapter : ControllerAdvice beans: 0 @ModelAttribute, 0 @InitBinder, 1 RequestBodyAdvice, 1 ResponseBodyAdvice
2026-06-08T20:08:01.177-06:00 DEBUG 9602 --- [smart-billing] [           main] .m.m.a.ExceptionHandlerExceptionResolver : ControllerAdvice beans: 1 @ExceptionHandler, 1 ResponseBodyAdvice
2026-06-08T20:08:01.178-06:00  INFO 9602 --- [smart-billing] [           main] o.s.mock.web.MockServletContext          : Initializing Spring TestDispatcherServlet ''
2026-06-08T20:08:01.178-06:00  INFO 9602 --- [smart-billing] [           main] o.s.t.web.servlet.TestDispatcherServlet  : Initializing Servlet ''
2026-06-08T20:08:01.179-06:00  INFO 9602 --- [smart-billing] [           main] o.s.t.web.servlet.TestDispatcherServlet  : Completed initialization in 1 ms
2026-06-08T20:08:01.187-06:00 DEBUG 9602 --- [smart-billing] [           main] s.w.s.m.m.a.RequestMappingHandlerMapping : Mapped to com.smart.billing.app.controller.ContractController#updateContract(Integer, ContractRequestDTO)
2026-06-08T20:08:01.190-06:00 DEBUG 9602 --- [smart-billing] [           main] o.s.web.method.HandlerMethod             : Could not resolve parameter [0] in public org.springframework.http.ResponseEntity<com.smart.billing.app.dto.ContractResponseDTO> com.smart.billing.app.controller.ContractController.updateContract(java.lang.Integer,com.smart.billing.app.dto.ContractRequestDTO): Method parameter 'id': Failed to convert value of type 'java.lang.String' to required type 'java.lang.Integer'; For input string: "abc"
2026-06-08T20:08:01.191-06:00 DEBUG 9602 --- [smart-billing] [           main] .m.m.a.ExceptionHandlerExceptionResolver : Using @ExceptionHandler com.smart.billing.app.exception.GlobalExceptionHandler#handleTypeMismatch(MethodArgumentTypeMismatchException)
2026-06-08T20:08:01.192-06:00 DEBUG 9602 --- [smart-billing] [           main] o.s.w.s.m.m.a.HttpEntityMethodProcessor  : Using 'text/plain', given [*/*] and supported [text/plain, */*, application/json, application/*+json, application/yaml]
2026-06-08T20:08:01.193-06:00 DEBUG 9602 --- [smart-billing] [           main] o.s.w.s.m.m.a.HttpEntityMethodProcessor  : Writing ["Invalid parameter type: abc"]
2026-06-08T20:08:01.194-06:00 DEBUG 9602 --- [smart-billing] [           main] .m.m.a.ExceptionHandlerExceptionResolver : Resolved [org.springframework.web.method.annotation.MethodArgumentTypeMismatchException: Method parameter 'id': Failed to convert value of type 'java.lang.String' to required type 'java.lang.Integer'; For input string: "abc"]
]]></system-out>
  </testcase>
  <testcase name="deleteContract_ShouldReturnBadRequest_WhenInvalidId" classname="ContractControllerTest Unit Tests" time="0.027">
    <system-out><![CDATA[2026-06-08T20:08:01.211-06:00 DEBUG 9602 --- [smart-billing] [           main] s.w.s.m.m.a.RequestMappingHandlerMapping : 7 mappings in org.springframework.web.servlet.mvc.method.annotation.RequestMappingHandlerMapping
2026-06-08T20:08:01.215-06:00 DEBUG 9602 --- [smart-billing] [           main] s.w.s.m.m.a.RequestMappingHandlerAdapter : ControllerAdvice beans: 0 @ModelAttribute, 0 @InitBinder, 1 RequestBodyAdvice, 1 ResponseBodyAdvice
2026-06-08T20:08:01.217-06:00 DEBUG 9602 --- [smart-billing] [           main] .m.m.a.ExceptionHandlerExceptionResolver : ControllerAdvice beans: 1 @ExceptionHandler, 1 ResponseBodyAdvice
2026-06-08T20:08:01.218-06:00  INFO 9602 --- [smart-billing] [           main] o.s.mock.web.MockServletContext          : Initializing Spring TestDispatcherServlet ''
2026-06-08T20:08:01.218-06:00  INFO 9602 --- [smart-billing] [           main] o.s.t.web.servlet.TestDispatcherServlet  : Initializing Servlet ''
2026-06-08T20:08:01.218-06:00  INFO 9602 --- [smart-billing] [           main] o.s.t.web.servlet.TestDispatcherServlet  : Completed initialization in 0 ms
2026-06-08T20:08:01.220-06:00 DEBUG 9602 --- [smart-billing] [           main] s.w.s.m.m.a.RequestMappingHandlerMapping : Mapped to com.smart.billing.app.controller.ContractController#deleteContract(Integer)
2026-06-08T20:08:01.221-06:00 DEBUG 9602 --- [smart-billing] [           main] o.s.web.method.HandlerMethod             : Could not resolve parameter [0] in public org.springframework.http.ResponseEntity<java.lang.Void> com.smart.billing.app.controller.ContractController.deleteContract(java.lang.Integer): Method parameter 'id': Failed to convert value of type 'java.lang.String' to required type 'java.lang.Integer'; For input string: "abc"
2026-06-08T20:08:01.221-06:00 DEBUG 9602 --- [smart-billing] [           main] .m.m.a.ExceptionHandlerExceptionResolver : Using @ExceptionHandler com.smart.billing.app.exception.GlobalExceptionHandler#handleTypeMismatch(MethodArgumentTypeMismatchException)
2026-06-08T20:08:01.222-06:00 DEBUG 9602 --- [smart-billing] [           main] o.s.w.s.m.m.a.HttpEntityMethodProcessor  : Using 'text/plain', given [*/*] and supported [text/plain, */*, application/json, application/*+json, application/yaml]
2026-06-08T20:08:01.222-06:00 DEBUG 9602 --- [smart-billing] [           main] o.s.w.s.m.m.a.HttpEntityMethodProcessor  : Writing ["Invalid parameter type: abc"]
2026-06-08T20:08:01.222-06:00 DEBUG 9602 --- [smart-billing] [           main] .m.m.a.ExceptionHandlerExceptionResolver : Resolved [org.springframework.web.method.annotation.MethodArgumentTypeMismatchException: Method parameter 'id': Failed to convert value of type 'java.lang.String' to required type 'java.lang.Integer'; For input string: "abc"]
]]></system-out>
  </testcase>
  <testcase name="updateContract_ShouldReturnInternalServerError_WhenServiceThrowsException" classname="ContractControllerTest Unit Tests" time="0.039">
    <system-out><![CDATA[2026-06-08T20:08:01.237-06:00 DEBUG 9602 --- [smart-billing] [           main] s.w.s.m.m.a.RequestMappingHandlerMapping : 7 mappings in org.springframework.web.servlet.mvc.method.annotation.RequestMappingHandlerMapping
2026-06-08T20:08:01.240-06:00 DEBUG 9602 --- [smart-billing] [           main] s.w.s.m.m.a.RequestMappingHandlerAdapter : ControllerAdvice beans: 0 @ModelAttribute, 0 @InitBinder, 1 RequestBodyAdvice, 1 ResponseBodyAdvice
2026-06-08T20:08:01.241-06:00 DEBUG 9602 --- [smart-billing] [           main] .m.m.a.ExceptionHandlerExceptionResolver : ControllerAdvice beans: 1 @ExceptionHandler, 1 ResponseBodyAdvice
2026-06-08T20:08:01.241-06:00  INFO 9602 --- [smart-billing] [           main] o.s.mock.web.MockServletContext          : Initializing Spring TestDispatcherServlet ''
2026-06-08T20:08:01.242-06:00  INFO 9602 --- [smart-billing] [           main] o.s.t.web.servlet.TestDispatcherServlet  : Initializing Servlet ''
2026-06-08T20:08:01.242-06:00  INFO 9602 --- [smart-billing] [           main] o.s.t.web.servlet.TestDispatcherServlet  : Completed initialization in 0 ms
2026-06-08T20:08:01.250-06:00 DEBUG 9602 --- [smart-billing] [           main] s.w.s.m.m.a.RequestMappingHandlerMapping : Mapped to com.smart.billing.app.controller.ContractController#updateContract(Integer, ContractRequestDTO)
2026-06-08T20:08:01.255-06:00 DEBUG 9602 --- [smart-billing] [           main] m.m.a.RequestResponseBodyMethodProcessor : Read "application/json" to [ContractRequestDTO[customerId=1, title=Service Contract, startDate=2024-01-01, endDate=2024-12-31, m (truncated)...]
2026-06-08T20:08:01.259-06:00 DEBUG 9602 --- [smart-billing] [           main] .m.m.a.ExceptionHandlerExceptionResolver : Using @ExceptionHandler com.smart.billing.app.exception.GlobalExceptionHandler#handleRuntimeException(RuntimeException)
2026-06-08T20:08:01.260-06:00 DEBUG 9602 --- [smart-billing] [           main] o.s.w.s.m.m.a.HttpEntityMethodProcessor  : Using 'text/plain', given [*/*] and supported [text/plain, */*, application/json, application/*+json, application/yaml]
2026-06-08T20:08:01.260-06:00 DEBUG 9602 --- [smart-billing] [           main] o.s.w.s.m.m.a.HttpEntityMethodProcessor  : Writing ["Internal error"]
2026-06-08T20:08:01.260-06:00 DEBUG 9602 --- [smart-billing] [           main] .m.m.a.ExceptionHandlerExceptionResolver : Resolved [java.lang.RuntimeException: Internal error]
]]></system-out>
  </testcase>
  <testcase name="getContractsByCustomer_ShouldReturnListOfContracts_WhenSuccess" classname="ContractControllerTest Unit Tests" time="0.035">
    <system-out><![CDATA[2026-06-08T20:08:01.274-06:00 DEBUG 9602 --- [smart-billing] [           main] s.w.s.m.m.a.RequestMappingHandlerMapping : 7 mappings in org.springframework.web.servlet.mvc.method.annotation.RequestMappingHandlerMapping
2026-06-08T20:08:01.276-06:00 DEBUG 9602 --- [smart-billing] [           main] s.w.s.m.m.a.RequestMappingHandlerAdapter : ControllerAdvice beans: 0 @ModelAttribute, 0 @InitBinder, 1 RequestBodyAdvice, 1 ResponseBodyAdvice
2026-06-08T20:08:01.277-06:00 DEBUG 9602 --- [smart-billing] [           main] .m.m.a.ExceptionHandlerExceptionResolver : ControllerAdvice beans: 1 @ExceptionHandler, 1 ResponseBodyAdvice
2026-06-08T20:08:01.278-06:00  INFO 9602 --- [smart-billing] [           main] o.s.mock.web.MockServletContext          : Initializing Spring TestDispatcherServlet ''
2026-06-08T20:08:01.278-06:00  INFO 9602 --- [smart-billing] [           main] o.s.t.web.servlet.TestDispatcherServlet  : Initializing Servlet ''
2026-06-08T20:08:01.278-06:00  INFO 9602 --- [smart-billing] [           main] o.s.t.web.servlet.TestDispatcherServlet  : Completed initialization in 0 ms
2026-06-08T20:08:01.279-06:00 DEBUG 9602 --- [smart-billing] [           main] s.w.s.m.m.a.RequestMappingHandlerMapping : Mapped to com.smart.billing.app.controller.ContractController#getContractsByCustomer(Integer)
2026-06-08T20:08:01.285-06:00 DEBUG 9602 --- [smart-billing] [           main] o.s.w.s.m.m.a.HttpEntityMethodProcessor  : Using 'application/json', given [*/*] and supported [application/json, application/*+json, application/yaml]
2026-06-08T20:08:01.286-06:00 DEBUG 9602 --- [smart-billing] [           main] o.s.w.s.m.m.a.HttpEntityMethodProcessor  : Writing [[ContractResponseDTO[id=1, customerId=1, customerName=John Doe, title=Service Contract, startDate=20 (truncated)...]
]]></system-out>
  </testcase>
  <testcase name="createContract_ShouldReturnBadRequest_WhenValidationFails" classname="ContractControllerTest Unit Tests" time="0.05">
    <system-out><![CDATA[2026-06-08T20:08:01.313-06:00 DEBUG 9602 --- [smart-billing] [           main] s.w.s.m.m.a.RequestMappingHandlerMapping : 7 mappings in org.springframework.web.servlet.mvc.method.annotation.RequestMappingHandlerMapping
2026-06-08T20:08:01.316-06:00 DEBUG 9602 --- [smart-billing] [           main] s.w.s.m.m.a.RequestMappingHandlerAdapter : ControllerAdvice beans: 0 @ModelAttribute, 0 @InitBinder, 1 RequestBodyAdvice, 1 ResponseBodyAdvice
2026-06-08T20:08:01.317-06:00 DEBUG 9602 --- [smart-billing] [           main] .m.m.a.ExceptionHandlerExceptionResolver : ControllerAdvice beans: 1 @ExceptionHandler, 1 ResponseBodyAdvice
2026-06-08T20:08:01.318-06:00  INFO 9602 --- [smart-billing] [           main] o.s.mock.web.MockServletContext          : Initializing Spring TestDispatcherServlet ''
2026-06-08T20:08:01.318-06:00  INFO 9602 --- [smart-billing] [           main] o.s.t.web.servlet.TestDispatcherServlet  : Initializing Servlet ''
2026-06-08T20:08:01.318-06:00  INFO 9602 --- [smart-billing] [           main] o.s.t.web.servlet.TestDispatcherServlet  : Completed initialization in 0 ms
2026-06-08T20:08:01.323-06:00 DEBUG 9602 --- [smart-billing] [           main] s.w.s.m.m.a.RequestMappingHandlerMapping : Mapped to com.smart.billing.app.controller.ContractController#createContract(ContractRequestDTO)
2026-06-08T20:08:01.328-06:00 DEBUG 9602 --- [smart-billing] [           main] m.m.a.RequestResponseBodyMethodProcessor : Read "application/json" to [ContractRequestDTO[customerId=null, title=, startDate=null, endDate=null, monthlyFee=null, currency= (truncated)...]
2026-06-08T20:08:01.340-06:00 DEBUG 9602 --- [smart-billing] [           main] .m.m.a.ExceptionHandlerExceptionResolver : Using @ExceptionHandler com.smart.billing.app.exception.GlobalExceptionHandler#handleGeneric(Exception)
2026-06-08T20:08:01.345-06:00 DEBUG 9602 --- [smart-billing] [           main] o.s.w.s.m.m.a.HttpEntityMethodProcessor  : Using 'application/json', given [*/*] and supported [application/json, application/*+json, application/yaml]
2026-06-08T20:08:01.345-06:00 DEBUG 9602 --- [smart-billing] [           main] o.s.w.s.m.m.a.HttpEntityMethodProcessor  : Writing [ErrorResponse[timestamp=2026-06-08T20:08:01.340674813, Status=400, message=Validation failed for arg (truncated)...]
2026-06-08T20:08:01.347-06:00 DEBUG 9602 --- [smart-billing] [           main] .m.m.a.ExceptionHandlerExceptionResolver : Resolved [org.springframework.web.bind.MethodArgumentNotValidException: Validation failed for argument [0] in public org.springframework.http.ResponseEntity<com.smart.billing.app.dto.ContractResponseDTO> com.smart.billing.app.controller.ContractController.createContract(com.smart.billing.app.dto.ContractRequestDTO) with 3 errors: [Field error in object 'contractRequestDTO' on field 'customerId': rejected value [null]; codes [NotNull.contractRequestDTO.customerId,NotNull.customerId,NotNull.java.lang.Integer,NotNull]; arguments [org.springframework.context.support.DefaultMessageSourceResolvable: codes [contractRequestDTO.customerId,customerId]; arguments []; default message [customerId]]; default message [Customer ID is required]] [Field error in object 'contractRequestDTO' on field 'startDate': rejected value [null]; codes [NotNull.contractRequestDTO.startDate,NotNull.startDate,NotNull.java.time.LocalDate,NotNull]; arguments [org.springframework.context.support.DefaultMessageSourceResolvable: codes [contractRequestDTO.startDate,startDate]; arguments []; default message [startDate]]; default message [Start date is required]] [Field error in object 'contractRequestDTO' on field 'monthlyFee': rejected value [null]; codes [NotNull.contractRequestDTO.monthlyFee,NotNull.monthlyFee,NotNull.java.math.BigDecimal,NotNull]; arguments [org.springframework.context.support.DefaultMessageSourceResolvable: codes [contractRequestDTO.monthlyFee,monthlyFee]; arguments []; default message [monthlyFee]]; default message [Monthly fee is required]] ]
]]></system-out>
  </testcase>
  <testcase name="updateContract_ShouldReturnBadRequest_WhenEmptyBody" classname="ContractControllerTest Unit Tests" time="0.022">
    <system-out><![CDATA[2026-06-08T20:08:01.361-06:00 DEBUG 9602 --- [smart-billing] [           main] s.w.s.m.m.a.RequestMappingHandlerMapping : 7 mappings in org.springframework.web.servlet.mvc.method.annotation.RequestMappingHandlerMapping
2026-06-08T20:08:01.363-06:00 DEBUG 9602 --- [smart-billing] [           main] s.w.s.m.m.a.RequestMappingHandlerAdapter : ControllerAdvice beans: 0 @ModelAttribute, 0 @InitBinder, 1 RequestBodyAdvice, 1 ResponseBodyAdvice
2026-06-08T20:08:01.363-06:00 DEBUG 9602 --- [smart-billing] [           main] .m.m.a.ExceptionHandlerExceptionResolver : ControllerAdvice beans: 1 @ExceptionHandler, 1 ResponseBodyAdvice
2026-06-08T20:08:01.364-06:00  INFO 9602 --- [smart-billing] [           main] o.s.mock.web.MockServletContext          : Initializing Spring TestDispatcherServlet ''
2026-06-08T20:08:01.364-06:00  INFO 9602 --- [smart-billing] [           main] o.s.t.web.servlet.TestDispatcherServlet  : Initializing Servlet ''
2026-06-08T20:08:01.364-06:00  INFO 9602 --- [smart-billing] [           main] o.s.t.web.servlet.TestDispatcherServlet  : Completed initialization in 0 ms
2026-06-08T20:08:01.367-06:00 DEBUG 9602 --- [smart-billing] [           main] s.w.s.m.m.a.RequestMappingHandlerMapping : Mapped to com.smart.billing.app.controller.ContractController#updateContract(Integer, ContractRequestDTO)
2026-06-08T20:08:01.370-06:00 DEBUG 9602 --- [smart-billing] [           main] m.m.a.RequestResponseBodyMethodProcessor : Read "application/json" to []
2026-06-08T20:08:01.371-06:00 DEBUG 9602 --- [smart-billing] [           main] .m.m.a.ExceptionHandlerExceptionResolver : Using @ExceptionHandler com.smart.billing.app.exception.GlobalExceptionHandler#handleInvalidJson(HttpMessageNotReadableException)
2026-06-08T20:08:01.372-06:00 DEBUG 9602 --- [smart-billing] [           main] o.s.w.s.m.m.a.HttpEntityMethodProcessor  : Using 'text/plain', given [*/*] and supported [text/plain, */*, application/json, application/*+json, application/yaml]
2026-06-08T20:08:01.372-06:00 DEBUG 9602 --- [smart-billing] [           main] o.s.w.s.m.m.a.HttpEntityMethodProcessor  : Writing ["Malformed JSON request"]
2026-06-08T20:08:01.372-06:00 DEBUG 9602 --- [smart-billing] [           main] .m.m.a.ExceptionHandlerExceptionResolver : Resolved [org.springframework.http.converter.HttpMessageNotReadableException: Required request body is missing: public org.springframework.http.ResponseEntity<com.smart.billing.app.dto.ContractResponseDTO> com.smart.billing.app.controller.ContractController.updateContract(java.lang.Integer,com.smart.billing.app.dto.ContractRequestDTO)]
]]></system-out>
  </testcase>
  <testcase name="createContract_ShouldReturnCreatedContract_WhenSuccess" classname="ContractControllerTest Unit Tests" time="0.04">
    <system-out><![CDATA[2026-06-08T20:08:01.381-06:00 DEBUG 9602 --- [smart-billing] [           main] s.w.s.m.m.a.RequestMappingHandlerMapping : 7 mappings in org.springframework.web.servlet.mvc.method.annotation.RequestMappingHandlerMapping
2026-06-08T20:08:01.383-06:00 DEBUG 9602 --- [smart-billing] [           main] s.w.s.m.m.a.RequestMappingHandlerAdapter : ControllerAdvice beans: 0 @ModelAttribute, 0 @InitBinder, 1 RequestBodyAdvice, 1 ResponseBodyAdvice
2026-06-08T20:08:01.384-06:00 DEBUG 9602 --- [smart-billing] [           main] .m.m.a.ExceptionHandlerExceptionResolver : ControllerAdvice beans: 1 @ExceptionHandler, 1 ResponseBodyAdvice
2026-06-08T20:08:01.384-06:00  INFO 9602 --- [smart-billing] [           main] o.s.mock.web.MockServletContext          : Initializing Spring TestDispatcherServlet ''
2026-06-08T20:08:01.384-06:00  INFO 9602 --- [smart-billing] [           main] o.s.t.web.servlet.TestDispatcherServlet  : Initializing Servlet ''
2026-06-08T20:08:01.384-06:00  INFO 9602 --- [smart-billing] [           main] o.s.t.web.servlet.TestDispatcherServlet  : Completed initialization in 0 ms
2026-06-08T20:08:01.388-06:00 DEBUG 9602 --- [smart-billing] [           main] s.w.s.m.m.a.RequestMappingHandlerMapping : Mapped to com.smart.billing.app.controller.ContractController#createContract(ContractRequestDTO)
2026-06-08T20:08:01.393-06:00 DEBUG 9602 --- [smart-billing] [           main] m.m.a.RequestResponseBodyMethodProcessor : Read "application/json" to [ContractRequestDTO[customerId=1, title=Service Contract, startDate=2024-01-01, endDate=2024-12-31, m (truncated)...]
2026-06-08T20:08:01.408-06:00 DEBUG 9602 --- [smart-billing] [           main] o.s.w.s.m.m.a.HttpEntityMethodProcessor  : Using 'application/json', given [*/*] and supported [application/json, application/*+json, application/yaml]
2026-06-08T20:08:01.408-06:00 DEBUG 9602 --- [smart-billing] [           main] o.s.w.s.m.m.a.HttpEntityMethodProcessor  : Writing [ContractResponseDTO[id=1, customerId=1, customerName=John Doe, title=Service Contract, startDate=202 (truncated)...]
]]></system-out>
  </testcase>
  <testcase name="deleteContract_ShouldReturnInternalServerError_WhenServiceThrowsException" classname="ContractControllerTest Unit Tests" time="0.027">
    <system-out><![CDATA[2026-06-08T20:08:01.431-06:00 DEBUG 9602 --- [smart-billing] [           main] s.w.s.m.m.a.RequestMappingHandlerMapping : 7 mappings in org.springframework.web.servlet.mvc.method.annotation.RequestMappingHandlerMapping
2026-06-08T20:08:01.433-06:00 DEBUG 9602 --- [smart-billing] [           main] s.w.s.m.m.a.RequestMappingHandlerAdapter : ControllerAdvice beans: 0 @ModelAttribute, 0 @InitBinder, 1 RequestBodyAdvice, 1 ResponseBodyAdvice
2026-06-08T20:08:01.434-06:00 DEBUG 9602 --- [smart-billing] [           main] .m.m.a.ExceptionHandlerExceptionResolver : ControllerAdvice beans: 1 @ExceptionHandler, 1 ResponseBodyAdvice
2026-06-08T20:08:01.434-06:00  INFO 9602 --- [smart-billing] [           main] o.s.mock.web.MockServletContext          : Initializing Spring TestDispatcherServlet ''
2026-06-08T20:08:01.434-06:00  INFO 9602 --- [smart-billing] [           main] o.s.t.web.servlet.TestDispatcherServlet  : Initializing Servlet ''
2026-06-08T20:08:01.435-06:00  INFO 9602 --- [smart-billing] [           main] o.s.t.web.servlet.TestDispatcherServlet  : Completed initialization in 1 ms
2026-06-08T20:08:01.437-06:00 DEBUG 9602 --- [smart-billing] [           main] s.w.s.m.m.a.RequestMappingHandlerMapping : Mapped to com.smart.billing.app.controller.ContractController#deleteContract(Integer)
2026-06-08T20:08:01.438-06:00 DEBUG 9602 --- [smart-billing] [           main] .m.m.a.ExceptionHandlerExceptionResolver : Using @ExceptionHandler com.smart.billing.app.exception.GlobalExceptionHandler#handleRuntimeException(RuntimeException)
2026-06-08T20:08:01.439-06:00 DEBUG 9602 --- [smart-billing] [           main] o.s.w.s.m.m.a.HttpEntityMethodProcessor  : Using 'text/plain', given [*/*] and supported [text/plain, */*, application/json, application/*+json, application/yaml]
2026-06-08T20:08:01.440-06:00 DEBUG 9602 --- [smart-billing] [           main] o.s.w.s.m.m.a.HttpEntityMethodProcessor  : Writing ["Internal error"]
2026-06-08T20:08:01.440-06:00 DEBUG 9602 --- [smart-billing] [           main] .m.m.a.ExceptionHandlerExceptionResolver : Resolved [java.lang.RuntimeException: Internal error]
]]></system-out>
  </testcase>
  <testcase name="getContractById_ShouldReturnContract_WhenSuccess" classname="ContractControllerTest Unit Tests" time="0.031">
    <system-out><![CDATA[2026-06-08T20:08:01.451-06:00 DEBUG 9602 --- [smart-billing] [           main] s.w.s.m.m.a.RequestMappingHandlerMapping : 7 mappings in org.springframework.web.servlet.mvc.method.annotation.RequestMappingHandlerMapping
2026-06-08T20:08:01.454-06:00 DEBUG 9602 --- [smart-billing] [           main] s.w.s.m.m.a.RequestMappingHandlerAdapter : ControllerAdvice beans: 0 @ModelAttribute, 0 @InitBinder, 1 RequestBodyAdvice, 1 ResponseBodyAdvice
2026-06-08T20:08:01.455-06:00 DEBUG 9602 --- [smart-billing] [           main] .m.m.a.ExceptionHandlerExceptionResolver : ControllerAdvice beans: 1 @ExceptionHandler, 1 ResponseBodyAdvice
2026-06-08T20:08:01.456-06:00  INFO 9602 --- [smart-billing] [           main] o.s.mock.web.MockServletContext          : Initializing Spring TestDispatcherServlet ''
2026-06-08T20:08:01.456-06:00  INFO 9602 --- [smart-billing] [           main] o.s.t.web.servlet.TestDispatcherServlet  : Initializing Servlet ''
2026-06-08T20:08:01.456-06:00  INFO 9602 --- [smart-billing] [           main] o.s.t.web.servlet.TestDispatcherServlet  : Completed initialization in 0 ms
2026-06-08T20:08:01.458-06:00 DEBUG 9602 --- [smart-billing] [           main] s.w.s.m.m.a.RequestMappingHandlerMapping : Mapped to com.smart.billing.app.controller.ContractController#getContractById(Integer)
2026-06-08T20:08:01.466-06:00 DEBUG 9602 --- [smart-billing] [           main] o.s.w.s.m.m.a.HttpEntityMethodProcessor  : Using 'application/json', given [*/*] and supported [application/json, application/*+json, application/yaml]
2026-06-08T20:08:01.467-06:00 DEBUG 9602 --- [smart-billing] [           main] o.s.w.s.m.m.a.HttpEntityMethodProcessor  : Writing [ContractResponseDTO[id=1, customerId=1, customerName=John Doe, title=Service Contract, startDate=202 (truncated)...]
]]></system-out>
  </testcase>
  <testcase name="updateContract_ShouldReturnUpdatedContract_WhenSuccess" classname="ContractControllerTest Unit Tests" time="0.052">
    <system-out><![CDATA[2026-06-08T20:08:01.494-06:00 DEBUG 9602 --- [smart-billing] [           main] s.w.s.m.m.a.RequestMappingHandlerMapping : 7 mappings in org.springframework.web.servlet.mvc.method.annotation.RequestMappingHandlerMapping
2026-06-08T20:08:01.497-06:00 DEBUG 9602 --- [smart-billing] [           main] s.w.s.m.m.a.RequestMappingHandlerAdapter : ControllerAdvice beans: 0 @ModelAttribute, 0 @InitBinder, 1 RequestBodyAdvice, 1 ResponseBodyAdvice
2026-06-08T20:08:01.499-06:00 DEBUG 9602 --- [smart-billing] [           main] .m.m.a.ExceptionHandlerExceptionResolver : ControllerAdvice beans: 1 @ExceptionHandler, 1 ResponseBodyAdvice
2026-06-08T20:08:01.499-06:00  INFO 9602 --- [smart-billing] [           main] o.s.mock.web.MockServletContext          : Initializing Spring TestDispatcherServlet ''
2026-06-08T20:08:01.499-06:00  INFO 9602 --- [smart-billing] [           main] o.s.t.web.servlet.TestDispatcherServlet  : Initializing Servlet ''
2026-06-08T20:08:01.499-06:00  INFO 9602 --- [smart-billing] [           main] o.s.t.web.servlet.TestDispatcherServlet  : Completed initialization in 0 ms
2026-06-08T20:08:01.504-06:00 DEBUG 9602 --- [smart-billing] [           main] s.w.s.m.m.a.RequestMappingHandlerMapping : Mapped to com.smart.billing.app.controller.ContractController#updateContract(Integer, ContractRequestDTO)
2026-06-08T20:08:01.507-06:00 DEBUG 9602 --- [smart-billing] [           main] m.m.a.RequestResponseBodyMethodProcessor : Read "application/json" to [ContractRequestDTO[customerId=1, title=Service Contract, startDate=2024-01-01, endDate=2024-12-31, m (truncated)...]
2026-06-08T20:08:01.520-06:00 DEBUG 9602 --- [smart-billing] [           main] o.s.w.s.m.m.a.HttpEntityMethodProcessor  : Using 'application/json', given [*/*] and supported [application/json, application/*+json, application/yaml]
2026-06-08T20:08:01.521-06:00 DEBUG 9602 --- [smart-billing] [           main] o.s.w.s.m.m.a.HttpEntityMethodProcessor  : Writing [ContractResponseDTO[id=1, customerId=1, customerName=John Doe, title=Service Contract, startDate=202 (truncated)...]
]]></system-out>
  </testcase>
  <testcase name="getContractsByCustomer_ShouldReturnInternalServerError_WhenServiceThrowsException" classname="ContractControllerTest Unit Tests" time="0.034">
    <system-out><![CDATA[2026-06-08T20:08:01.551-06:00 DEBUG 9602 --- [smart-billing] [           main] s.w.s.m.m.a.RequestMappingHandlerMapping : 7 mappings in org.springframework.web.servlet.mvc.method.annotation.RequestMappingHandlerMapping
2026-06-08T20:08:01.554-06:00 DEBUG 9602 --- [smart-billing] [           main] s.w.s.m.m.a.RequestMappingHandlerAdapter : ControllerAdvice beans: 0 @ModelAttribute, 0 @InitBinder, 1 RequestBodyAdvice, 1 ResponseBodyAdvice
2026-06-08T20:08:01.556-06:00 DEBUG 9602 --- [smart-billing] [           main] .m.m.a.ExceptionHandlerExceptionResolver : ControllerAdvice beans: 1 @ExceptionHandler, 1 ResponseBodyAdvice
2026-06-08T20:08:01.556-06:00  INFO 9602 --- [smart-billing] [           main] o.s.mock.web.MockServletContext          : Initializing Spring TestDispatcherServlet ''
2026-06-08T20:08:01.556-06:00  INFO 9602 --- [smart-billing] [           main] o.s.t.web.servlet.TestDispatcherServlet  : Initializing Servlet ''
2026-06-08T20:08:01.557-06:00  INFO 9602 --- [smart-billing] [           main] o.s.t.web.servlet.TestDispatcherServlet  : Completed initialization in 1 ms
2026-06-08T20:08:01.559-06:00 DEBUG 9602 --- [smart-billing] [           main] s.w.s.m.m.a.RequestMappingHandlerMapping : Mapped to com.smart.billing.app.controller.ContractController#getContractsByCustomer(Integer)
2026-06-08T20:08:01.561-06:00 DEBUG 9602 --- [smart-billing] [           main] .m.m.a.ExceptionHandlerExceptionResolver : Using @ExceptionHandler com.smart.billing.app.exception.GlobalExceptionHandler#handleRuntimeException(RuntimeException)
2026-06-08T20:08:01.561-06:00 DEBUG 9602 --- [smart-billing] [           main] o.s.w.s.m.m.a.HttpEntityMethodProcessor  : Using 'text/plain', given [*/*] and supported [text/plain, */*, application/json, application/*+json, application/yaml]
2026-06-08T20:08:01.562-06:00 DEBUG 9602 --- [smart-billing] [           main] o.s.w.s.m.m.a.HttpEntityMethodProcessor  : Writing ["Internal error"]
2026-06-08T20:08:01.562-06:00 DEBUG 9602 --- [smart-billing] [           main] .m.m.a.ExceptionHandlerExceptionResolver : Resolved [java.lang.RuntimeException: Internal error]
]]></system-out>
  </testcase>
  <testcase name="createContract_ShouldReturnBadRequest_WhenEmptyBody" classname="ContractControllerTest Unit Tests" time="0.034">
    <system-out><![CDATA[2026-06-08T20:08:01.582-06:00 DEBUG 9602 --- [smart-billing] [           main] s.w.s.m.m.a.RequestMappingHandlerMapping : 7 mappings in org.springframework.web.servlet.mvc.method.annotation.RequestMappingHandlerMapping
2026-06-08T20:08:01.586-06:00 DEBUG 9602 --- [smart-billing] [           main] s.w.s.m.m.a.RequestMappingHandlerAdapter : ControllerAdvice beans: 0 @ModelAttribute, 0 @InitBinder, 1 RequestBodyAdvice, 1 ResponseBodyAdvice
2026-06-08T20:08:01.587-06:00 DEBUG 9602 --- [smart-billing] [           main] .m.m.a.ExceptionHandlerExceptionResolver : ControllerAdvice beans: 1 @ExceptionHandler, 1 ResponseBodyAdvice
2026-06-08T20:08:01.588-06:00  INFO 9602 --- [smart-billing] [           main] o.s.mock.web.MockServletContext          : Initializing Spring TestDispatcherServlet ''
2026-06-08T20:08:01.588-06:00  INFO 9602 --- [smart-billing] [           main] o.s.t.web.servlet.TestDispatcherServlet  : Initializing Servlet ''
2026-06-08T20:08:01.588-06:00  INFO 9602 --- [smart-billing] [           main] o.s.t.web.servlet.TestDispatcherServlet  : Completed initialization in 0 ms
2026-06-08T20:08:01.590-06:00 DEBUG 9602 --- [smart-billing] [           main] s.w.s.m.m.a.RequestMappingHandlerMapping : Mapped to com.smart.billing.app.controller.ContractController#createContract(ContractRequestDTO)
2026-06-08T20:08:01.594-06:00 DEBUG 9602 --- [smart-billing] [           main] m.m.a.RequestResponseBodyMethodProcessor : Read "application/json" to []
2026-06-08T20:08:01.595-06:00 DEBUG 9602 --- [smart-billing] [           main] .m.m.a.ExceptionHandlerExceptionResolver : Using @ExceptionHandler com.smart.billing.app.exception.GlobalExceptionHandler#handleInvalidJson(HttpMessageNotReadableException)
2026-06-08T20:08:01.596-06:00 DEBUG 9602 --- [smart-billing] [           main] o.s.w.s.m.m.a.HttpEntityMethodProcessor  : Using 'text/plain', given [*/*] and supported [text/plain, */*, application/json, application/*+json, application/yaml]
2026-06-08T20:08:01.596-06:00 DEBUG 9602 --- [smart-billing] [           main] o.s.w.s.m.m.a.HttpEntityMethodProcessor  : Writing ["Malformed JSON request"]
2026-06-08T20:08:01.597-06:00 DEBUG 9602 --- [smart-billing] [           main] .m.m.a.ExceptionHandlerExceptionResolver : Resolved [org.springframework.http.converter.HttpMessageNotReadableException: Required request body is missing: public org.springframework.http.ResponseEntity<com.smart.billing.app.dto.ContractResponseDTO> com.smart.billing.app.controller.ContractController.createContract(com.smart.billing.app.dto.ContractRequestDTO)]
]]></system-out>
  </testcase>
  <testcase name="getAll_ShouldReturnInternalServerError_WhenServiceThrowsException" classname="ContractControllerTest Unit Tests" time="0.032">
    <system-out><![CDATA[2026-06-08T20:08:01.618-06:00 DEBUG 9602 --- [smart-billing] [           main] s.w.s.m.m.a.RequestMappingHandlerMapping : 7 mappings in org.springframework.web.servlet.mvc.method.annotation.RequestMappingHandlerMapping
2026-06-08T20:08:01.623-06:00 DEBUG 9602 --- [smart-billing] [           main] s.w.s.m.m.a.RequestMappingHandlerAdapter : ControllerAdvice beans: 0 @ModelAttribute, 0 @InitBinder, 1 RequestBodyAdvice, 1 ResponseBodyAdvice
2026-06-08T20:08:01.624-06:00 DEBUG 9602 --- [smart-billing] [           main] .m.m.a.ExceptionHandlerExceptionResolver : ControllerAdvice beans: 1 @ExceptionHandler, 1 ResponseBodyAdvice
2026-06-08T20:08:01.624-06:00  INFO 9602 --- [smart-billing] [           main] o.s.mock.web.MockServletContext          : Initializing Spring TestDispatcherServlet ''
2026-06-08T20:08:01.625-06:00  INFO 9602 --- [smart-billing] [           main] o.s.t.web.servlet.TestDispatcherServlet  : Initializing Servlet ''
2026-06-08T20:08:01.625-06:00  INFO 9602 --- [smart-billing] [           main] o.s.t.web.servlet.TestDispatcherServlet  : Completed initialization in 0 ms
2026-06-08T20:08:01.627-06:00 DEBUG 9602 --- [smart-billing] [           main] s.w.s.m.m.a.RequestMappingHandlerMapping : Mapped to com.smart.billing.app.controller.ContractController#getAll()
2026-06-08T20:08:01.628-06:00 DEBUG 9602 --- [smart-billing] [           main] .m.m.a.ExceptionHandlerExceptionResolver : Using @ExceptionHandler com.smart.billing.app.exception.GlobalExceptionHandler#handleRuntimeException(RuntimeException)
2026-06-08T20:08:01.629-06:00 DEBUG 9602 --- [smart-billing] [           main] o.s.w.s.m.m.a.HttpEntityMethodProcessor  : Using 'text/plain', given [*/*] and supported [text/plain, */*, application/json, application/*+json, application/yaml]
2026-06-08T20:08:01.629-06:00 DEBUG 9602 --- [smart-billing] [           main] o.s.w.s.m.m.a.HttpEntityMethodProcessor  : Writing ["Internal error"]
2026-06-08T20:08:01.630-06:00 DEBUG 9602 --- [smart-billing] [           main] .m.m.a.ExceptionHandlerExceptionResolver : Resolved [java.lang.RuntimeException: Internal error]
]]></system-out>
  </testcase>
  <testcase name="getContractsByStatus_ShouldReturnListOfContracts_WhenSuccess" classname="ContractControllerTest Unit Tests" time="0.034">
    <system-out><![CDATA[2026-06-08T20:08:01.642-06:00 DEBUG 9602 --- [smart-billing] [           main] s.w.s.m.m.a.RequestMappingHandlerMapping : 7 mappings in org.springframework.web.servlet.mvc.method.annotation.RequestMappingHandlerMapping
2026-06-08T20:08:01.644-06:00 DEBUG 9602 --- [smart-billing] [           main] s.w.s.m.m.a.RequestMappingHandlerAdapter : ControllerAdvice beans: 0 @ModelAttribute, 0 @InitBinder, 1 RequestBodyAdvice, 1 ResponseBodyAdvice
2026-06-08T20:08:01.645-06:00 DEBUG 9602 --- [smart-billing] [           main] .m.m.a.ExceptionHandlerExceptionResolver : ControllerAdvice beans: 1 @ExceptionHandler, 1 ResponseBodyAdvice
2026-06-08T20:08:01.645-06:00  INFO 9602 --- [smart-billing] [           main] o.s.mock.web.MockServletContext          : Initializing Spring TestDispatcherServlet ''
2026-06-08T20:08:01.645-06:00  INFO 9602 --- [smart-billing] [           main] o.s.t.web.servlet.TestDispatcherServlet  : Initializing Servlet ''
2026-06-08T20:08:01.646-06:00  INFO 9602 --- [smart-billing] [           main] o.s.t.web.servlet.TestDispatcherServlet  : Completed initialization in 1 ms
2026-06-08T20:08:01.650-06:00 DEBUG 9602 --- [smart-billing] [           main] s.w.s.m.m.a.RequestMappingHandlerMapping : Mapped to com.smart.billing.app.controller.ContractController#getContractsByStatus(String)
2026-06-08T20:08:01.657-06:00 DEBUG 9602 --- [smart-billing] [           main] o.s.w.s.m.m.a.HttpEntityMethodProcessor  : Using 'application/json', given [*/*] and supported [application/json, application/*+json, application/yaml]
2026-06-08T20:08:01.657-06:00 DEBUG 9602 --- [smart-billing] [           main] o.s.w.s.m.m.a.HttpEntityMethodProcessor  : Writing [[ContractResponseDTO[id=1, customerId=1, customerName=John Doe, title=Service Contract, startDate=20 (truncated)...]
]]></system-out>
  </testcase>
  <testcase name="getContractsByCustomer_ShouldReturnBadRequest_WhenInvalidCustomerId" classname="ContractControllerTest Unit Tests" time="0.028">
    <system-out><![CDATA[2026-06-08T20:08:01.681-06:00 DEBUG 9602 --- [smart-billing] [           main] s.w.s.m.m.a.RequestMappingHandlerMapping : 7 mappings in org.springframework.web.servlet.mvc.method.annotation.RequestMappingHandlerMapping
2026-06-08T20:08:01.684-06:00 DEBUG 9602 --- [smart-billing] [           main] s.w.s.m.m.a.RequestMappingHandlerAdapter : ControllerAdvice beans: 0 @ModelAttribute, 0 @InitBinder, 1 RequestBodyAdvice, 1 ResponseBodyAdvice
2026-06-08T20:08:01.685-06:00 DEBUG 9602 --- [smart-billing] [           main] .m.m.a.ExceptionHandlerExceptionResolver : ControllerAdvice beans: 1 @ExceptionHandler, 1 ResponseBodyAdvice
2026-06-08T20:08:01.685-06:00  INFO 9602 --- [smart-billing] [           main] o.s.mock.web.MockServletContext          : Initializing Spring TestDispatcherServlet ''
2026-06-08T20:08:01.685-06:00  INFO 9602 --- [smart-billing] [           main] o.s.t.web.servlet.TestDispatcherServlet  : Initializing Servlet ''
2026-06-08T20:08:01.685-06:00  INFO 9602 --- [smart-billing] [           main] o.s.t.web.servlet.TestDispatcherServlet  : Completed initialization in 0 ms
2026-06-08T20:08:01.689-06:00 DEBUG 9602 --- [smart-billing] [           main] s.w.s.m.m.a.RequestMappingHandlerMapping : Mapped to com.smart.billing.app.controller.ContractController#getContractsByCustomer(Integer)
2026-06-08T20:08:01.692-06:00 DEBUG 9602 --- [smart-billing] [           main] o.s.web.method.HandlerMethod             : Could not resolve parameter [0] in public org.springframework.http.ResponseEntity<java.util.List<com.smart.billing.app.dto.ContractResponseDTO>> com.smart.billing.app.controller.ContractController.getContractsByCustomer(java.lang.Integer): Method parameter 'customerId': Failed to convert value of type 'java.lang.String' to required type 'java.lang.Integer'; For input string: "abc"
2026-06-08T20:08:01.693-06:00 DEBUG 9602 --- [smart-billing] [           main] .m.m.a.ExceptionHandlerExceptionResolver : Using @ExceptionHandler com.smart.billing.app.exception.GlobalExceptionHandler#handleTypeMismatch(MethodArgumentTypeMismatchException)
2026-06-08T20:08:01.694-06:00 DEBUG 9602 --- [smart-billing] [           main] o.s.w.s.m.m.a.HttpEntityMethodProcessor  : Using 'text/plain', given [*/*] and supported [text/plain, */*, application/json, application/*+json, application/yaml]
2026-06-08T20:08:01.694-06:00 DEBUG 9602 --- [smart-billing] [           main] o.s.w.s.m.m.a.HttpEntityMethodProcessor  : Writing ["Invalid parameter type: abc"]
2026-06-08T20:08:01.694-06:00 DEBUG 9602 --- [smart-billing] [           main] .m.m.a.ExceptionHandlerExceptionResolver : Resolved [org.springframework.web.method.annotation.MethodArgumentTypeMismatchException: Method parameter 'customerId': Failed to convert value of type 'java.lang.String' to required type 'java.lang.Integer'; For input string: "abc"]
]]></system-out>
  </testcase>
  <testcase name="getContractsByStatus_ShouldReturnEmptyList_WhenNoContractsWithStatusFound" classname="ContractControllerTest Unit Tests" time="0.032">
    <system-out><![CDATA[2026-06-08T20:08:01.707-06:00 DEBUG 9602 --- [smart-billing] [           main] s.w.s.m.m.a.RequestMappingHandlerMapping : 7 mappings in org.springframework.web.servlet.mvc.method.annotation.RequestMappingHandlerMapping
2026-06-08T20:08:01.709-06:00 DEBUG 9602 --- [smart-billing] [           main] s.w.s.m.m.a.RequestMappingHandlerAdapter : ControllerAdvice beans: 0 @ModelAttribute, 0 @InitBinder, 1 RequestBodyAdvice, 1 ResponseBodyAdvice
2026-06-08T20:08:01.711-06:00 DEBUG 9602 --- [smart-billing] [           main] .m.m.a.ExceptionHandlerExceptionResolver : ControllerAdvice beans: 1 @ExceptionHandler, 1 ResponseBodyAdvice
2026-06-08T20:08:01.712-06:00  INFO 9602 --- [smart-billing] [           main] o.s.mock.web.MockServletContext          : Initializing Spring TestDispatcherServlet ''
2026-06-08T20:08:01.712-06:00  INFO 9602 --- [smart-billing] [           main] o.s.t.web.servlet.TestDispatcherServlet  : Initializing Servlet ''
2026-06-08T20:08:01.713-06:00  INFO 9602 --- [smart-billing] [           main] o.s.t.web.servlet.TestDispatcherServlet  : Completed initialization in 1 ms
2026-06-08T20:08:01.716-06:00 DEBUG 9602 --- [smart-billing] [           main] s.w.s.m.m.a.RequestMappingHandlerMapping : Mapped to com.smart.billing.app.controller.ContractController#getContractsByStatus(String)
2026-06-08T20:08:01.721-06:00 DEBUG 9602 --- [smart-billing] [           main] o.s.w.s.m.m.a.HttpEntityMethodProcessor  : Using 'application/json', given [*/*] and supported [application/json, application/*+json, application/yaml]
2026-06-08T20:08:01.722-06:00 DEBUG 9602 --- [smart-billing] [           main] o.s.w.s.m.m.a.HttpEntityMethodProcessor  : Writing [[]]
]]></system-out>
  </testcase>
</testsuite>